(Kher_CENTRAL,(Kmar,(Koce,(KspESP)#H6:::0.5945779980570275):0.8716012177013893):0.180926625521847,(Kher_SOUTH,#H6:::0.4054220019429725):1.0113416088763045); -Ploglik = 112914.72901462148
 Dendroscope: (Kher_CENTRAL,(Kmar,(Koce,(KspESP)#H6):0.8716012177013893):0.180926625521847,(Kher_SOUTH,#H6):1.0113416088763045);
 Elapsed time: 11663.12 seconds, 20 attempted runs
-------
List of estimated networks for all runs (sorted by log-pseudolik; the smaller, the better):
 (Kher_CENTRAL,(Kmar,(Koce,(KspESP)#H6:::0.5945779980570275):0.8716012177013893):0.180926625521847,(Kher_SOUTH,#H6:::0.4054220019429725):1.0113416088763045);, with -loglik 112914.72901462148
 ((Kmar,(Koce,(KspESP)#H6:::0.5945781135429649):0.8716009998457297):0.18092665545514258,Kher_CENTRAL,(Kher_SOUTH,#H6:::0.40542188645703514):1.0113421894449084);, with -loglik 112914.72901462165
 (((Koce,(KspESP)#H6:::0.5945776041520807):0.8716021859154616,Kmar):0.18092679035261655,(Kher_SOUTH,#H6:::0.40542239584791934):1.0113400134329031,Kher_CENTRAL);, with -loglik 112914.72901462486
 (Kher_CENTRAL,(Kher_SOUTH,#H6:::0.4054217603212078):1.011343247242738,(Kmar,(Koce,(KspESP)#H6:::0.5945782396787922):0.8716008476683448):0.18092654153407742);, with -loglik 112914.72901462547
 (Kher_SOUTH,(Kher_CENTRAL,(Kmar,(Koce,(KspESP)#H6:::0.5945777902534567):0.8716009860533829):0.18092651215956246):1.0113408329065383,#H6:::0.4054222097465433);, with -loglik 112914.72901463363
 (Kher_CENTRAL,(Kmar,(Koce,(KspESP)#H6:::0.5945784659067931):0.8715989498593598):0.1809264125514913,(Kher_SOUTH,#H6:::0.4054215340932069):1.0113427682058644);, with -loglik 112914.72901465275
 (Kher_CENTRAL,(Kmar,(Koce,(KspESP)#H6:::0.594577797560222):0.8716027315953638):0.18092629839831462,(Kher_SOUTH,#H6:::0.40542220243977795):1.0113420795896664);, with -loglik 112914.7290146593
 ((Kmar,(Koce,(KspESP)#H6:::0.5945760812648949):0.8716064398384431):0.18092638665412794,Kher_CENTRAL,(Kher_SOUTH,#H6:::0.4054239187351051):1.0113329166246834);, with -loglik 112914.72901466489
 (((Kmar,(Koce,(KspESP)#H6:::0.5945750485304971):0.8716080728100384):0.18092741937850376,Kher_CENTRAL):1.0113277706371635,Kher_SOUTH,#H6:::0.40542495146950286);, with -loglik 112914.72901476931
 (Kher_SOUTH,(Kher_CENTRAL,(Kmar,(Koce,(KspESP)#H6:::0.5945819788070118):0.8715893630096821):0.18092655782129352):1.0113599093097017,#H6:::0.4054180211929882);, with -loglik 112914.72901480163
 (Kher_CENTRAL,(Kmar,(Koce,(KspESP)#H6:::0.5945802568884033):0.8715939309571382):0.1809259491640633,(Kher_SOUTH,#H6:::0.4054197431115966):1.0113556678958031);, with -loglik 112914.72901482365
 (Kher_CENTRAL,((Koce,(KspESP)#H6:::0.5945767636030725):0.8715980277085834,Kmar):0.18092735200680846,(Kher_SOUTH,#H6:::0.40542323639692746):1.0113329470283456);, with -loglik 112914.72901537412
 (Kher_CENTRAL,(Kher_SOUTH,#H6:::0.40542819717871825):1.01129890271792,(Kmar,(Koce,(KspESP)#H6:::0.5945718028212817):0.8716110841577155):0.18092809444434707);, with -loglik 112914.72901679449
 (Kher_SOUTH,(Kher_CENTRAL,(Kmar,(Koce,(KspESP)#H6:::0.5945673844059873):0.8716397200491388):0.18092769245686366):1.01130259375924,#H6:::0.4054326155940127);, with -loglik 112914.72901814555
 (Kmar,(Koce,(KspESP,#H6:0.0::0.2287453958990957):1.1832439061922544):0.5590783670303492,((Kher_CENTRAL,Kher_SOUTH):0.0)#H6:0.33103586681214725::0.7712546041009043);, with -loglik 128197.9622565249
 (Kher_SOUTH,((KspESP,(Koce,#H6:::0.10137538298266674):10.0):0.3283112704725159,Kmar):0.12165733552521053,(Kher_CENTRAL)#H6:::0.8986246170173333);, with -loglik 131183.86340742023
 (Kher_SOUTH,(Kmar,(KspESP,(Koce,#H6:::0.1013753739607944):10.0):0.32831126464434035):0.12165730988417134,(Kher_CENTRAL)#H6:::0.8986246260392056);, with -loglik 131183.86340742055
 (Kher_SOUTH,(Kmar,(KspESP,(Koce,#H6:::0.1013753485711003):10.0):0.328311246432361):0.12165735164722571,(Kher_CENTRAL)#H6:::0.8986246514288997);, with -loglik 131183.86340742183
 (Kher_SOUTH,(Kmar,(KspESP,(Koce,#H6:::0.10137530361129979):10.0):0.3283113816297724):0.12165738960731852,(Kher_CENTRAL)#H6:::0.8986246963887002);, with -loglik 131183.86340742814
 (Kher_SOUTH,((KspESP,(Koce,#H6:::0.10137526309324789):10.0):0.32831102555334174,Kmar):0.12165739379870492,(Kher_CENTRAL)#H6:::0.8986247369067522);, with -loglik 131183.86340743123
-------
