2022-07-27 12:00:41,514 paleomix.pipelines.bam.makefile INFO Reading makefile '/scratch/waldirmbf/Outgroup_PaleoMix_OtherGenomes.yaml'
2022-07-27 12:00:41,538 paleomix.pipelines.bam.pipeline ERROR Error reading makefiles: while parsing a block mapping
  in "/scratch/waldirmbf/Outgroup_PaleoMix_OtherGenomes.yaml", line 6, column 1
expected <block end>, but found '<block mapping start>'
  in "/scratch/waldirmbf/Outgroup_PaleoMix_OtherGenomes.yaml", line 129, column 2
2022-07-27 12:02:03,334 paleomix.pipelines.bam.makefile INFO Reading makefile '/scratch/waldirmbf/Outgroup_PaleoMix_OtherGenomes.yaml'
2022-07-27 12:02:03,366 paleomix.pipelines.bam.makefile INFO Validating FASTA files
2022-07-27 12:02:03,374 paleomix.pipelines.bam.pipeline INFO Building BAM pipeline for '/scratch/waldirmbf/Outgroup_PaleoMix_OtherGenomes.yaml'
2022-07-27 12:02:04,128 paleomix.pipelines.bam.pipeline INFO Running BAM pipeline
2022-07-27 12:02:04,128 paleomix.nodegraph INFO Checking file dependencies
2022-07-27 12:02:04,133 paleomix.nodegraph ERROR Required input file does not exist: '/scratch/waldirmbf/AdditionalGenomeSamples/RawFiles/SRR5489795.1_1.fastq.gz'
2022-07-27 12:02:04,133 paleomix.nodegraph ERROR Required input file does not exist: '/scratch/waldirmbf/AdditionalGenomeSamples/RawFiles/SRR5489795.1_2.fastq.gz'
2022-07-27 12:02:04,133 paleomix.nodegraph ERROR Required input file does not exist: '/scratch/waldirmbf/AdditionalGenomeSamples/RawFiles/SRR5489798.1_1.fastq.gz'
2022-07-27 12:02:04,133 paleomix.nodegraph ERROR Required input file does not exist: '/scratch/waldirmbf/AdditionalGenomeSamples/RawFiles/SRR5489798.1_2.fastq.gz'
2022-07-27 12:02:04,134 paleomix.nodegraph ERROR Required input file does not exist: '/scratch/waldirmbf/AdditionalGenomeSamples/RawFiles/SRR5489800.1_1.fastq.gz'
2022-07-27 12:02:04,134 paleomix.nodegraph ERROR Required input file does not exist: '/scratch/waldirmbf/AdditionalGenomeSamples/RawFiles/SRR5489800.1_2.fastq.gz'
2022-07-27 12:02:04,134 paleomix.nodegraph ERROR Required input file does not exist: '/scratch/waldirmbf/AdditionalGenomeSamples/RawFiles/SRR5489803.1_1.fastq.gz'
2022-07-27 12:02:04,134 paleomix.nodegraph ERROR Required input file does not exist: '/scratch/waldirmbf/AdditionalGenomeSamples/RawFiles/SRR5489803.1_2.fastq.gz'
2022-07-27 12:02:04,134 paleomix.nodegraph ERROR Required input file does not exist: '/scratch/waldirmbf/AdditionalGenomeSamples/RawFiles/SRR5489808.1_1.fastq.gz'
2022-07-27 12:02:04,134 paleomix.nodegraph ERROR Required input file does not exist: '/scratch/waldirmbf/AdditionalGenomeSamples/RawFiles/SRR5489808.1_2.fastq.gz'
2022-07-27 12:02:04,135 paleomix.nodegraph ERROR Required input file does not exist: '/scratch/waldirmbf/AdditionalGenomeSamples/RawFiles/SRR9139883.1_1.fastq.gz'
2022-07-27 12:02:04,135 paleomix.nodegraph ERROR Required input file does not exist: '/scratch/waldirmbf/AdditionalGenomeSamples/RawFiles/SRR9139883.1_2.fastq.gz'
2022-07-27 12:02:04,135 paleomix.pipeline ERROR Aborting due to input/output file error
2022-07-27 12:03:22,252 paleomix.pipelines.bam.makefile INFO Reading makefile '/scratch/waldirmbf/Outgroup_PaleoMix_OtherGenomes.yaml'
2022-07-27 12:03:22,289 paleomix.pipelines.bam.makefile INFO Validating FASTA files
2022-07-27 12:03:22,298 paleomix.pipelines.bam.pipeline INFO Building BAM pipeline for '/scratch/waldirmbf/Outgroup_PaleoMix_OtherGenomes.yaml'
2022-07-27 12:03:23,054 paleomix.pipelines.bam.pipeline INFO Running BAM pipeline
2022-07-27 12:03:23,055 paleomix.nodegraph INFO Checking file dependencies
2022-07-27 12:03:23,060 paleomix.nodegraph INFO Checking for auxiliary files
2022-07-27 12:03:23,060 paleomix.nodegraph INFO Checking required software
2022-07-27 12:03:23,069 paleomix.nodegraph INFO  - Found AdapterRemoval v2.2.2
2022-07-27 12:03:23,073 paleomix.nodegraph INFO  - Found BWA v0.7.17
2022-07-27 12:03:23,074 paleomix.nodegraph INFO  - Found Picard tools v2.23
2022-07-27 12:03:23,082 paleomix.nodegraph INFO  - Found samtools v1.10.0
2022-07-27 12:03:23,082 paleomix.nodegraph INFO Determining states
2022-07-27 12:03:23,089 paleomix.nodegraph INFO Ready
2022-07-27 12:03:23,090 paleomix.pipeline INFO Number of nodes:             165
2022-07-27 12:03:23,090 paleomix.pipeline INFO Number of done nodes:        3
2022-07-27 12:03:23,090 paleomix.pipeline INFO Number of runable nodes:     6
2022-07-27 12:03:23,090 paleomix.pipeline INFO Number of queued nodes:      156
2022-07-27 12:03:23,090 paleomix.pipeline INFO Number of outdated nodes:    0
2022-07-27 12:03:23,090 paleomix.pipeline INFO Number of failed nodes:      0
2022-07-27 12:03:23,091 paleomix.pipeline INFO Pipeline completed successfully
2022-07-27 12:03:23,091 paleomix.pipeline INFO Dry run done
2022-07-27 12:03:23,091 paleomix.pipeline INFO Log-file written to '/scratch/waldirmbf/OutGroup_PaleoMix_OtherGenomes.log'
2022-07-27 17:32:14,152 paleomix.pipelines.bam.makefile INFO Reading makefile '/scratch/waldirmbf/Outgroup_PaleoMix_OtherGenomes.yaml'
2022-07-27 17:32:14,208 paleomix.pipelines.bam.makefile INFO Validating FASTA files
2022-07-27 17:32:14,221 paleomix.pipelines.bam.pipeline INFO Building BAM pipeline for '/scratch/waldirmbf/Outgroup_PaleoMix_OtherGenomes.yaml'
2022-07-27 17:32:16,492 paleomix.pipelines.bam.pipeline INFO Running BAM pipeline
2022-07-27 17:32:16,493 paleomix.nodegraph INFO Checking file dependencies
2022-07-27 17:32:16,499 paleomix.nodegraph INFO Checking for auxiliary files
2022-07-27 17:32:16,499 paleomix.nodegraph INFO Checking required software
2022-07-27 17:32:16,650 paleomix.nodegraph INFO  - Found AdapterRemoval v2.2.2
2022-07-27 17:32:16,842 paleomix.nodegraph INFO  - Found BWA v0.7.17
2022-07-27 17:32:16,843 paleomix.nodegraph INFO  - Found Picard tools v2.23
2022-07-27 17:32:16,950 paleomix.nodegraph INFO  - Found samtools v1.10.0
2022-07-27 17:32:16,950 paleomix.nodegraph INFO Determining states
2022-07-27 17:32:16,958 paleomix.nodegraph INFO Ready
2022-07-27 17:32:16,985 paleomix.nodegraph INFO [1/162] Started trimming PE adapters from '/scratch/waldirmbf/AdditionalGenomeSamples/RawFiles/SRR5489803_[12].fastq.gz'
2022-07-27 17:32:16,986 paleomix.nodegraph INFO [2/162] Started trimming PE adapters from '/scratch/waldirmbf/AdditionalGenomeSamples/RawFiles/SRR5489798_[12].fastq.gz'
2022-07-27 17:32:16,987 paleomix.nodegraph INFO [3/162] Started trimming PE adapters from '/scratch/waldirmbf/AdditionalGenomeSamples/RawFiles/SRR5489795_[12].fastq.gz'
2022-07-27 17:32:16,988 paleomix.nodegraph INFO [4/162] Started trimming PE adapters from '/scratch/waldirmbf/AdditionalGenomeSamples/RawFiles/SRR9139883_[12].fastq.gz'
2022-07-27 17:43:30,641 paleomix.nodegraph INFO [3/161] Finished trimming PE adapters from '/scratch/waldirmbf/AdditionalGenomeSamples/RawFiles/SRR5489798_[12].fastq.gz'
2022-07-27 17:43:30,742 paleomix.nodegraph INFO [4/161] Started alignment of '/scratch/waldirmbf/Outgroup_PaleoMix/Kmarmoratus_LK1/reads/Kmarmoratus_LK1_SAMPLE/Kmarmoratus_LK1_LIBRARY/Kmarmoratus_LK1_LANE/SRR5489798_x.fastq.gz/reads.collapsed.gz' onto GCA_007896545.1_ASM789654v1_genomic.Edited using BWA mem (SE) using 5 threads
2022-07-27 17:47:22,695 paleomix.nodegraph INFO [3/160] Finished trimming PE adapters from '/scratch/waldirmbf/AdditionalGenomeSamples/RawFiles/SRR5489803_[12].fastq.gz'
2022-07-27 17:47:22,934 paleomix.nodegraph INFO [4/160] Started alignment of '/scratch/waldirmbf/Outgroup_PaleoMix/Kmarmoratus_DAN2K/reads/Kmarmoratus_DAN2K_SAMPLE/Kmarmoratus_DAN2K_LIBRARY/Kmarmoratus_DAN2K_LANE/SRR5489803_x.fastq.gz/reads.collapsed.gz' onto GCA_007896545.1_ASM789654v1_genomic.Edited using BWA mem (SE) using 5 threads
2022-07-27 18:01:00,827 paleomix.nodegraph INFO [3/159] Finished alignment of '/scratch/waldirmbf/Outgroup_PaleoMix/Kmarmoratus_LK1/reads/Kmarmoratus_LK1_SAMPLE/Kmarmoratus_LK1_LIBRARY/Kmarmoratus_LK1_LANE/SRR5489798_x.fastq.gz/reads.collapsed.gz' onto GCA_007896545.1_ASM789654v1_genomic.Edited using BWA mem (SE) using 5 threads
2022-07-27 18:01:00,928 paleomix.nodegraph INFO [4/159] Started alignment of '/scratch/waldirmbf/Outgroup_PaleoMix/Kmarmoratus_DAN2K/reads/Kmarmoratus_DAN2K_SAMPLE/Kmarmoratus_DAN2K_LIBRARY/Kmarmoratus_DAN2K_LANE/SRR5489803_x.fastq.gz/reads.pair[12].truncated.gz' onto GCA_007896545.1_ASM789654v1_genomic.Edited using BWA mem (PE) using 5 threads
2022-07-27 18:13:23,776 paleomix.nodegraph INFO [3/158] Finished alignment of '/scratch/waldirmbf/Outgroup_PaleoMix/Kmarmoratus_DAN2K/reads/Kmarmoratus_DAN2K_SAMPLE/Kmarmoratus_DAN2K_LIBRARY/Kmarmoratus_DAN2K_LANE/SRR5489803_x.fastq.gz/reads.collapsed.gz' onto GCA_007896545.1_ASM789654v1_genomic.Edited using BWA mem (SE) using 5 threads
2022-07-27 18:13:23,878 paleomix.nodegraph INFO [4/158] Started validating /scratch/waldirmbf/Outgroup_PaleoMix/Kmarmoratus_DAN2K/Khermaphroditus_REF_PanRS_BWA/Kmarmoratus_DAN2K_SAMPLE/Kmarmoratus_DAN2K_LIBRARY/Kmarmoratus_DAN2K_LANE/SRR5489803_x.fastq.gz/collapsed.bam
2022-07-27 18:13:23,878 paleomix.nodegraph INFO [5/158] Started validating /scratch/waldirmbf/Outgroup_PaleoMix/Kmarmoratus_LK1/Khermaphroditus_REF_PanRS_BWA/Kmarmoratus_LK1_SAMPLE/Kmarmoratus_LK1_LIBRARY/Kmarmoratus_LK1_LANE/SRR5489798_x.fastq.gz/collapsed.bam
2022-07-27 18:14:11,823 paleomix.nodegraph INFO [4/157] Finished validating /scratch/waldirmbf/Outgroup_PaleoMix/Kmarmoratus_LK1/Khermaphroditus_REF_PanRS_BWA/Kmarmoratus_LK1_SAMPLE/Kmarmoratus_LK1_LIBRARY/Kmarmoratus_LK1_LANE/SRR5489798_x.fastq.gz/collapsed.bam
2022-07-27 18:14:11,925 paleomix.nodegraph INFO [5/157] Started calculating coverage for /scratch/waldirmbf/Outgroup_PaleoMix/Kmarmoratus_LK1/Khermaphroditus_REF_PanRS_BWA/Kmarmoratus_LK1_SAMPLE/Kmarmoratus_LK1_LIBRARY/Kmarmoratus_LK1_LANE/SRR5489798_x.fastq.gz/collapsed.bam
2022-07-27 18:14:11,925 paleomix.nodegraph INFO [6/157] Started filtering collapsed PCR duplicates in '/scratch/waldirmbf/Outgroup_PaleoMix/Kmarmoratus_LK1/Khermaphroditus_REF_PanRS_BWA/Kmarmoratus_LK1_SAMPLE/Kmarmoratus_LK1_LIBRARY/Kmarmoratus_LK1_LANE/SRR5489798_x.fastq.gz/collapsed.bam'
2022-07-27 18:14:55,594 paleomix.nodegraph INFO [5/156] Finished validating /scratch/waldirmbf/Outgroup_PaleoMix/Kmarmoratus_DAN2K/Khermaphroditus_REF_PanRS_BWA/Kmarmoratus_DAN2K_SAMPLE/Kmarmoratus_DAN2K_LIBRARY/Kmarmoratus_DAN2K_LANE/SRR5489803_x.fastq.gz/collapsed.bam
2022-07-27 18:14:55,695 paleomix.nodegraph INFO [6/156] Started calculating coverage for /scratch/waldirmbf/Outgroup_PaleoMix/Kmarmoratus_DAN2K/Khermaphroditus_REF_PanRS_BWA/Kmarmoratus_DAN2K_SAMPLE/Kmarmoratus_DAN2K_LIBRARY/Kmarmoratus_DAN2K_LANE/SRR5489803_x.fastq.gz/collapsed.bam
2022-07-27 18:14:55,696 paleomix.nodegraph INFO [7/156] Started filtering collapsed PCR duplicates in '/scratch/waldirmbf/Outgroup_PaleoMix/Kmarmoratus_DAN2K/Khermaphroditus_REF_PanRS_BWA/Kmarmoratus_DAN2K_SAMPLE/Kmarmoratus_DAN2K_LIBRARY/Kmarmoratus_DAN2K_LANE/SRR5489803_x.fastq.gz/collapsed.bam'
2022-07-27 18:15:41,277 paleomix.nodegraph INFO [6/155] Finished calculating coverage for /scratch/waldirmbf/Outgroup_PaleoMix/Kmarmoratus_LK1/Khermaphroditus_REF_PanRS_BWA/Kmarmoratus_LK1_SAMPLE/Kmarmoratus_LK1_LIBRARY/Kmarmoratus_LK1_LANE/SRR5489798_x.fastq.gz/collapsed.bam
2022-07-27 18:17:20,315 paleomix.nodegraph INFO [5/154] Finished filtering collapsed PCR duplicates in '/scratch/waldirmbf/Outgroup_PaleoMix/Kmarmoratus_LK1/Khermaphroditus_REF_PanRS_BWA/Kmarmoratus_LK1_SAMPLE/Kmarmoratus_LK1_LIBRARY/Kmarmoratus_LK1_LANE/SRR5489798_x.fastq.gz/collapsed.bam'
2022-07-27 18:17:20,417 paleomix.nodegraph INFO [6/154] Started validating /scratch/waldirmbf/Outgroup_PaleoMix/Kmarmoratus_LK1/Khermaphroditus_REF_PanRS_BWA/Kmarmoratus_LK1_SAMPLE/Kmarmoratus_LK1_LIBRARY.rmdup.collapsed.bam
2022-07-27 18:17:46,324 paleomix.nodegraph INFO [5/153] Finished calculating coverage for /scratch/waldirmbf/Outgroup_PaleoMix/Kmarmoratus_DAN2K/Khermaphroditus_REF_PanRS_BWA/Kmarmoratus_DAN2K_SAMPLE/Kmarmoratus_DAN2K_LIBRARY/Kmarmoratus_DAN2K_LANE/SRR5489803_x.fastq.gz/collapsed.bam
2022-07-27 18:18:04,754 paleomix.nodegraph INFO [4/152] Finished validating /scratch/waldirmbf/Outgroup_PaleoMix/Kmarmoratus_LK1/Khermaphroditus_REF_PanRS_BWA/Kmarmoratus_LK1_SAMPLE/Kmarmoratus_LK1_LIBRARY.rmdup.collapsed.bam
2022-07-27 18:18:04,856 paleomix.nodegraph INFO [5/152] Started calculating coverage for /scratch/waldirmbf/Outgroup_PaleoMix/Kmarmoratus_LK1/Khermaphroditus_REF_PanRS_BWA/Kmarmoratus_LK1_SAMPLE/Kmarmoratus_LK1_LIBRARY.rmdup.collapsed.bam
2022-07-27 18:19:23,812 paleomix.nodegraph INFO [4/151] Finished calculating coverage for /scratch/waldirmbf/Outgroup_PaleoMix/Kmarmoratus_LK1/Khermaphroditus_REF_PanRS_BWA/Kmarmoratus_LK1_SAMPLE/Kmarmoratus_LK1_LIBRARY.rmdup.collapsed.bam
2022-07-27 18:21:00,897 paleomix.nodegraph INFO [3/150] Finished filtering collapsed PCR duplicates in '/scratch/waldirmbf/Outgroup_PaleoMix/Kmarmoratus_DAN2K/Khermaphroditus_REF_PanRS_BWA/Kmarmoratus_DAN2K_SAMPLE/Kmarmoratus_DAN2K_LIBRARY/Kmarmoratus_DAN2K_LANE/SRR5489803_x.fastq.gz/collapsed.bam'
2022-07-27 18:21:00,999 paleomix.nodegraph INFO [4/150] Started alignment of '/scratch/waldirmbf/Outgroup_PaleoMix/Kmarmoratus_DAN2K/reads/Kmarmoratus_DAN2K_SAMPLE/Kmarmoratus_DAN2K_LIBRARY/Kmarmoratus_DAN2K_LANE/SRR5489803_x.fastq.gz/reads.singleton.truncated.gz' onto GCA_007896545.1_ASM789654v1_genomic.Edited using BWA mem (SE) using 5 threads
2022-07-27 18:21:39,304 paleomix.nodegraph INFO [3/149] Finished alignment of '/scratch/waldirmbf/Outgroup_PaleoMix/Kmarmoratus_DAN2K/reads/Kmarmoratus_DAN2K_SAMPLE/Kmarmoratus_DAN2K_LIBRARY/Kmarmoratus_DAN2K_LANE/SRR5489803_x.fastq.gz/reads.singleton.truncated.gz' onto GCA_007896545.1_ASM789654v1_genomic.Edited using BWA mem (SE) using 5 threads
2022-07-27 18:21:39,406 paleomix.nodegraph INFO [4/149] Started validating /scratch/waldirmbf/Outgroup_PaleoMix/Kmarmoratus_DAN2K/Khermaphroditus_REF_PanRS_BWA/Kmarmoratus_DAN2K_SAMPLE/Kmarmoratus_DAN2K_LIBRARY/Kmarmoratus_DAN2K_LANE/SRR5489803_x.fastq.gz/singleton.bam
2022-07-27 18:21:39,407 paleomix.nodegraph INFO [5/149] Started validating /scratch/waldirmbf/Outgroup_PaleoMix/Kmarmoratus_DAN2K/Khermaphroditus_REF_PanRS_BWA/Kmarmoratus_DAN2K_SAMPLE/Kmarmoratus_DAN2K_LIBRARY.rmdup.collapsed.bam
2022-07-27 18:21:42,638 paleomix.nodegraph INFO [4/148] Finished validating /scratch/waldirmbf/Outgroup_PaleoMix/Kmarmoratus_DAN2K/Khermaphroditus_REF_PanRS_BWA/Kmarmoratus_DAN2K_SAMPLE/Kmarmoratus_DAN2K_LIBRARY/Kmarmoratus_DAN2K_LANE/SRR5489803_x.fastq.gz/singleton.bam
2022-07-27 18:21:42,827 paleomix.nodegraph INFO [5/148] Started calculating coverage for /scratch/waldirmbf/Outgroup_PaleoMix/Kmarmoratus_DAN2K/Khermaphroditus_REF_PanRS_BWA/Kmarmoratus_DAN2K_SAMPLE/Kmarmoratus_DAN2K_LIBRARY/Kmarmoratus_DAN2K_LANE/SRR5489803_x.fastq.gz/singleton.bam
2022-07-27 18:21:47,484 paleomix.nodegraph INFO [4/147] Finished calculating coverage for /scratch/waldirmbf/Outgroup_PaleoMix/Kmarmoratus_DAN2K/Khermaphroditus_REF_PanRS_BWA/Kmarmoratus_DAN2K_SAMPLE/Kmarmoratus_DAN2K_LIBRARY/Kmarmoratus_DAN2K_LANE/SRR5489803_x.fastq.gz/singleton.bam
2022-07-27 18:23:13,078 paleomix.nodegraph INFO [3/146] Finished validating /scratch/waldirmbf/Outgroup_PaleoMix/Kmarmoratus_DAN2K/Khermaphroditus_REF_PanRS_BWA/Kmarmoratus_DAN2K_SAMPLE/Kmarmoratus_DAN2K_LIBRARY.rmdup.collapsed.bam
2022-07-27 18:23:13,180 paleomix.nodegraph INFO [4/146] Started alignment of '/scratch/waldirmbf/Outgroup_PaleoMix/Kmarmoratus_LK1/reads/Kmarmoratus_LK1_SAMPLE/Kmarmoratus_LK1_LIBRARY/Kmarmoratus_LK1_LANE/SRR5489798_x.fastq.gz/reads.pair[12].truncated.gz' onto GCA_007896545.1_ASM789654v1_genomic.Edited using BWA mem (PE) using 5 threads
2022-07-27 18:34:55,120 paleomix.nodegraph INFO [3/145] Finished trimming PE adapters from '/scratch/waldirmbf/AdditionalGenomeSamples/RawFiles/SRR5489795_[12].fastq.gz'
2022-07-27 18:34:55,222 paleomix.nodegraph INFO [4/145] Started alignment of '/scratch/waldirmbf/Outgroup_PaleoMix/Kmarmoratus_HON9/reads/Kmarmoratus_HON9_SAMPLE/Kmarmoratus_HON9_LIBRARY/Kmarmoratus_HON9_LANE/SRR5489795_x.fastq.gz/reads.singleton.truncated.gz' onto GCA_007896545.1_ASM789654v1_genomic.Edited using BWA mem (SE) using 5 threads
2022-07-27 18:37:22,924 paleomix.nodegraph INFO [3/144] Finished alignment of '/scratch/waldirmbf/Outgroup_PaleoMix/Kmarmoratus_HON9/reads/Kmarmoratus_HON9_SAMPLE/Kmarmoratus_HON9_LIBRARY/Kmarmoratus_HON9_LANE/SRR5489795_x.fastq.gz/reads.singleton.truncated.gz' onto GCA_007896545.1_ASM789654v1_genomic.Edited using BWA mem (SE) using 5 threads
2022-07-27 18:37:23,025 paleomix.nodegraph INFO [4/144] Started validating /scratch/waldirmbf/Outgroup_PaleoMix/Kmarmoratus_HON9/Khermaphroditus_REF_PanRS_BWA/Kmarmoratus_HON9_SAMPLE/Kmarmoratus_HON9_LIBRARY/Kmarmoratus_HON9_LANE/SRR5489795_x.fastq.gz/singleton.bam
2022-07-27 18:37:23,026 paleomix.nodegraph INFO [5/144] Started calculating coverage for /scratch/waldirmbf/Outgroup_PaleoMix/Kmarmoratus_DAN2K/Khermaphroditus_REF_PanRS_BWA/Kmarmoratus_DAN2K_SAMPLE/Kmarmoratus_DAN2K_LIBRARY.rmdup.collapsed.bam
2022-07-27 18:37:38,672 paleomix.nodegraph INFO [4/143] Finished validating /scratch/waldirmbf/Outgroup_PaleoMix/Kmarmoratus_HON9/Khermaphroditus_REF_PanRS_BWA/Kmarmoratus_HON9_SAMPLE/Kmarmoratus_HON9_LIBRARY/Kmarmoratus_HON9_LANE/SRR5489795_x.fastq.gz/singleton.bam
2022-07-27 18:37:38,773 paleomix.nodegraph INFO [5/143] Started calculating coverage for /scratch/waldirmbf/Outgroup_PaleoMix/Kmarmoratus_HON9/Khermaphroditus_REF_PanRS_BWA/Kmarmoratus_HON9_SAMPLE/Kmarmoratus_HON9_LIBRARY/Kmarmoratus_HON9_LANE/SRR5489795_x.fastq.gz/singleton.bam
2022-07-27 18:38:06,749 paleomix.nodegraph INFO [4/142] Finished calculating coverage for /scratch/waldirmbf/Outgroup_PaleoMix/Kmarmoratus_HON9/Khermaphroditus_REF_PanRS_BWA/Kmarmoratus_HON9_SAMPLE/Kmarmoratus_HON9_LIBRARY/Kmarmoratus_HON9_LANE/SRR5489795_x.fastq.gz/singleton.bam
2022-07-27 18:40:18,646 paleomix.nodegraph INFO [3/141] Finished calculating coverage for /scratch/waldirmbf/Outgroup_PaleoMix/Kmarmoratus_DAN2K/Khermaphroditus_REF_PanRS_BWA/Kmarmoratus_DAN2K_SAMPLE/Kmarmoratus_DAN2K_LIBRARY.rmdup.collapsed.bam
2022-07-27 18:40:18,782 paleomix.nodegraph INFO [4/141] Started alignment of '/scratch/waldirmbf/Outgroup_PaleoMix/Kmarmoratus_DAN2K/reads/Kmarmoratus_DAN2K_SAMPLE/Kmarmoratus_DAN2K_LIBRARY/Kmarmoratus_DAN2K_LANE/SRR5489803_x.fastq.gz/reads.collapsed.truncated.gz' onto GCA_007896545.1_ASM789654v1_genomic.Edited using BWA mem (SE) using 5 threads
2022-07-27 18:40:33,284 paleomix.nodegraph INFO [3/140] Finished alignment of '/scratch/waldirmbf/Outgroup_PaleoMix/Kmarmoratus_DAN2K/reads/Kmarmoratus_DAN2K_SAMPLE/Kmarmoratus_DAN2K_LIBRARY/Kmarmoratus_DAN2K_LANE/SRR5489803_x.fastq.gz/reads.collapsed.truncated.gz' onto GCA_007896545.1_ASM789654v1_genomic.Edited using BWA mem (SE) using 5 threads
2022-07-27 18:40:33,386 paleomix.nodegraph INFO [4/140] Started alignment of '/scratch/waldirmbf/Outgroup_PaleoMix/Kmarmoratus_HON9/reads/Kmarmoratus_HON9_SAMPLE/Kmarmoratus_HON9_LIBRARY/Kmarmoratus_HON9_LANE/SRR5489795_x.fastq.gz/reads.collapsed.truncated.gz' onto GCA_007896545.1_ASM789654v1_genomic.Edited using BWA mem (SE) using 5 threads
2022-07-27 18:40:44,779 paleomix.nodegraph INFO [3/139] Finished alignment of '/scratch/waldirmbf/Outgroup_PaleoMix/Kmarmoratus_HON9/reads/Kmarmoratus_HON9_SAMPLE/Kmarmoratus_HON9_LIBRARY/Kmarmoratus_HON9_LANE/SRR5489795_x.fastq.gz/reads.collapsed.truncated.gz' onto GCA_007896545.1_ASM789654v1_genomic.Edited using BWA mem (SE) using 5 threads
2022-07-27 18:40:44,880 paleomix.nodegraph INFO [4/139] Started validating /scratch/waldirmbf/Outgroup_PaleoMix/Kmarmoratus_DAN2K/Khermaphroditus_REF_PanRS_BWA/Kmarmoratus_DAN2K_SAMPLE/Kmarmoratus_DAN2K_LIBRARY/Kmarmoratus_DAN2K_LANE/SRR5489803_x.fastq.gz/collapsedtruncated.bam
2022-07-27 18:40:44,881 paleomix.nodegraph INFO [5/139] Started validating /scratch/waldirmbf/Outgroup_PaleoMix/Kmarmoratus_HON9/Khermaphroditus_REF_PanRS_BWA/Kmarmoratus_HON9_SAMPLE/Kmarmoratus_HON9_LIBRARY/Kmarmoratus_HON9_LANE/SRR5489795_x.fastq.gz/collapsedtruncated.bam
2022-07-27 18:40:46,370 paleomix.nodegraph INFO [4/138] Finished validating /scratch/waldirmbf/Outgroup_PaleoMix/Kmarmoratus_HON9/Khermaphroditus_REF_PanRS_BWA/Kmarmoratus_HON9_SAMPLE/Kmarmoratus_HON9_LIBRARY/Kmarmoratus_HON9_LANE/SRR5489795_x.fastq.gz/collapsedtruncated.bam
2022-07-27 18:40:46,471 paleomix.nodegraph INFO [5/138] Started calculating coverage for /scratch/waldirmbf/Outgroup_PaleoMix/Kmarmoratus_HON9/Khermaphroditus_REF_PanRS_BWA/Kmarmoratus_HON9_SAMPLE/Kmarmoratus_HON9_LIBRARY/Kmarmoratus_HON9_LANE/SRR5489795_x.fastq.gz/collapsedtruncated.bam
2022-07-27 18:40:46,808 paleomix.nodegraph INFO [4/137] Finished validating /scratch/waldirmbf/Outgroup_PaleoMix/Kmarmoratus_DAN2K/Khermaphroditus_REF_PanRS_BWA/Kmarmoratus_DAN2K_SAMPLE/Kmarmoratus_DAN2K_LIBRARY/Kmarmoratus_DAN2K_LANE/SRR5489803_x.fastq.gz/collapsedtruncated.bam
2022-07-27 18:40:46,909 paleomix.nodegraph INFO [5/137] Started calculating coverage for /scratch/waldirmbf/Outgroup_PaleoMix/Kmarmoratus_DAN2K/Khermaphroditus_REF_PanRS_BWA/Kmarmoratus_DAN2K_SAMPLE/Kmarmoratus_DAN2K_LIBRARY/Kmarmoratus_DAN2K_LANE/SRR5489803_x.fastq.gz/collapsedtruncated.bam
2022-07-27 18:40:47,183 paleomix.nodegraph INFO [4/136] Finished calculating coverage for /scratch/waldirmbf/Outgroup_PaleoMix/Kmarmoratus_HON9/Khermaphroditus_REF_PanRS_BWA/Kmarmoratus_HON9_SAMPLE/Kmarmoratus_HON9_LIBRARY/Kmarmoratus_HON9_LANE/SRR5489795_x.fastq.gz/collapsedtruncated.bam
2022-07-27 18:40:48,688 paleomix.nodegraph INFO [3/135] Finished calculating coverage for /scratch/waldirmbf/Outgroup_PaleoMix/Kmarmoratus_DAN2K/Khermaphroditus_REF_PanRS_BWA/Kmarmoratus_DAN2K_SAMPLE/Kmarmoratus_DAN2K_LIBRARY/Kmarmoratus_DAN2K_LANE/SRR5489803_x.fastq.gz/collapsedtruncated.bam
2022-07-27 18:40:48,788 paleomix.nodegraph INFO [4/135] Started alignment of '/scratch/waldirmbf/Outgroup_PaleoMix/Kmarmoratus_LK1/reads/Kmarmoratus_LK1_SAMPLE/Kmarmoratus_LK1_LIBRARY/Kmarmoratus_LK1_LANE/SRR5489798_x.fastq.gz/reads.singleton.truncated.gz' onto GCA_007896545.1_ASM789654v1_genomic.Edited using BWA mem (SE) using 5 threads
2022-07-27 18:41:30,172 paleomix.nodegraph INFO [3/134] Finished alignment of '/scratch/waldirmbf/Outgroup_PaleoMix/Kmarmoratus_LK1/reads/Kmarmoratus_LK1_SAMPLE/Kmarmoratus_LK1_LIBRARY/Kmarmoratus_LK1_LANE/SRR5489798_x.fastq.gz/reads.singleton.truncated.gz' onto GCA_007896545.1_ASM789654v1_genomic.Edited using BWA mem (SE) using 5 threads
2022-07-27 18:41:30,274 paleomix.nodegraph INFO [4/134] Started validating /scratch/waldirmbf/Outgroup_PaleoMix/Kmarmoratus_LK1/Khermaphroditus_REF_PanRS_BWA/Kmarmoratus_LK1_SAMPLE/Kmarmoratus_LK1_LIBRARY/Kmarmoratus_LK1_LANE/SRR5489798_x.fastq.gz/singleton.bam
2022-07-27 18:41:33,538 paleomix.nodegraph INFO [3/133] Finished validating /scratch/waldirmbf/Outgroup_PaleoMix/Kmarmoratus_LK1/Khermaphroditus_REF_PanRS_BWA/Kmarmoratus_LK1_SAMPLE/Kmarmoratus_LK1_LIBRARY/Kmarmoratus_LK1_LANE/SRR5489798_x.fastq.gz/singleton.bam
2022-07-27 18:41:33,640 paleomix.nodegraph INFO [4/133] Started alignment of '/scratch/waldirmbf/Outgroup_PaleoMix/Kmarmoratus_HON9/reads/Kmarmoratus_HON9_SAMPLE/Kmarmoratus_HON9_LIBRARY/Kmarmoratus_HON9_LANE/SRR5489795_x.fastq.gz/reads.collapsed.gz' onto GCA_007896545.1_ASM789654v1_genomic.Edited using BWA mem (SE) using 5 threads
2022-07-27 18:46:53,986 paleomix.nodegraph INFO [3/132] Finished alignment of '/scratch/waldirmbf/Outgroup_PaleoMix/Kmarmoratus_DAN2K/reads/Kmarmoratus_DAN2K_SAMPLE/Kmarmoratus_DAN2K_LIBRARY/Kmarmoratus_DAN2K_LANE/SRR5489803_x.fastq.gz/reads.pair[12].truncated.gz' onto GCA_007896545.1_ASM789654v1_genomic.Edited using BWA mem (PE) using 5 threads
2022-07-27 18:46:54,088 paleomix.nodegraph INFO [4/132] Started validating /scratch/waldirmbf/Outgroup_PaleoMix/Kmarmoratus_DAN2K/Khermaphroditus_REF_PanRS_BWA/Kmarmoratus_DAN2K_SAMPLE/Kmarmoratus_DAN2K_LIBRARY/Kmarmoratus_DAN2K_LANE/SRR5489803_x.fastq.gz/paired.bam
2022-07-27 18:46:54,088 paleomix.nodegraph INFO [5/132] Started calculating coverage for /scratch/waldirmbf/Outgroup_PaleoMix/Kmarmoratus_LK1/Khermaphroditus_REF_PanRS_BWA/Kmarmoratus_LK1_SAMPLE/Kmarmoratus_LK1_LIBRARY/Kmarmoratus_LK1_LANE/SRR5489798_x.fastq.gz/singleton.bam
2022-07-27 18:46:58,995 paleomix.nodegraph INFO [4/131] Finished calculating coverage for /scratch/waldirmbf/Outgroup_PaleoMix/Kmarmoratus_LK1/Khermaphroditus_REF_PanRS_BWA/Kmarmoratus_LK1_SAMPLE/Kmarmoratus_LK1_LIBRARY/Kmarmoratus_LK1_LANE/SRR5489798_x.fastq.gz/singleton.bam
2022-07-27 18:56:37,641 paleomix.nodegraph INFO [3/130] Finished validating /scratch/waldirmbf/Outgroup_PaleoMix/Kmarmoratus_DAN2K/Khermaphroditus_REF_PanRS_BWA/Kmarmoratus_DAN2K_SAMPLE/Kmarmoratus_DAN2K_LIBRARY/Kmarmoratus_DAN2K_LANE/SRR5489803_x.fastq.gz/paired.bam
2022-07-27 18:56:37,761 paleomix.nodegraph INFO [4/130] Started calculating coverage for /scratch/waldirmbf/Outgroup_PaleoMix/Kmarmoratus_DAN2K/Khermaphroditus_REF_PanRS_BWA/Kmarmoratus_DAN2K_SAMPLE/Kmarmoratus_DAN2K_LIBRARY/Kmarmoratus_DAN2K_LANE/SRR5489803_x.fastq.gz/paired.bam
2022-07-27 18:56:37,762 paleomix.nodegraph INFO [5/130] Started detecting PCR duplicates in 3 files in '/scratch/waldirmbf/Outgroup_PaleoMix/Kmarmoratus_DAN2K/Khermaphroditus_REF_PanRS_BWA/Kmarmoratus_DAN2K_SAMPLE/Kmarmoratus_DAN2K_LIBRARY/Kmarmoratus_DAN2K_LANE/SRR5489803_x.fastq.gz'
2022-07-27 19:04:16,149 paleomix.nodegraph INFO [4/129] Finished calculating coverage for /scratch/waldirmbf/Outgroup_PaleoMix/Kmarmoratus_DAN2K/Khermaphroditus_REF_PanRS_BWA/Kmarmoratus_DAN2K_SAMPLE/Kmarmoratus_DAN2K_LIBRARY/Kmarmoratus_DAN2K_LANE/SRR5489803_x.fastq.gz/paired.bam
2022-07-27 19:04:49,994 paleomix.nodegraph INFO [3/128] Finished alignment of '/scratch/waldirmbf/Outgroup_PaleoMix/Kmarmoratus_LK1/reads/Kmarmoratus_LK1_SAMPLE/Kmarmoratus_LK1_LIBRARY/Kmarmoratus_LK1_LANE/SRR5489798_x.fastq.gz/reads.pair[12].truncated.gz' onto GCA_007896545.1_ASM789654v1_genomic.Edited using BWA mem (PE) using 5 threads
2022-07-27 19:04:50,096 paleomix.nodegraph INFO [4/128] Started validating /scratch/waldirmbf/Outgroup_PaleoMix/Kmarmoratus_LK1/Khermaphroditus_REF_PanRS_BWA/Kmarmoratus_LK1_SAMPLE/Kmarmoratus_LK1_LIBRARY/Kmarmoratus_LK1_LANE/SRR5489798_x.fastq.gz/paired.bam
2022-07-27 19:04:50,096 paleomix.nodegraph INFO [5/128] Started alignment of '/scratch/waldirmbf/Outgroup_PaleoMix/Kmarmoratus_LK1/reads/Kmarmoratus_LK1_SAMPLE/Kmarmoratus_LK1_LIBRARY/Kmarmoratus_LK1_LANE/SRR5489798_x.fastq.gz/reads.collapsed.truncated.gz' onto GCA_007896545.1_ASM789654v1_genomic.Edited using BWA mem (SE) using 5 threads
2022-07-27 19:04:58,822 paleomix.nodegraph INFO [4/127] Finished alignment of '/scratch/waldirmbf/Outgroup_PaleoMix/Kmarmoratus_LK1/reads/Kmarmoratus_LK1_SAMPLE/Kmarmoratus_LK1_LIBRARY/Kmarmoratus_LK1_LANE/SRR5489798_x.fastq.gz/reads.collapsed.truncated.gz' onto GCA_007896545.1_ASM789654v1_genomic.Edited using BWA mem (SE) using 5 threads
2022-07-27 19:04:58,924 paleomix.nodegraph INFO [5/127] Started validating /scratch/waldirmbf/Outgroup_PaleoMix/Kmarmoratus_LK1/Khermaphroditus_REF_PanRS_BWA/Kmarmoratus_LK1_SAMPLE/Kmarmoratus_LK1_LIBRARY/Kmarmoratus_LK1_LANE/SRR5489798_x.fastq.gz/collapsedtruncated.bam
2022-07-27 19:04:58,924 paleomix.nodegraph INFO [6/127] Started alignment of '/scratch/waldirmbf/Outgroup_PaleoMix/Kmarmoratus_HON9/reads/Kmarmoratus_HON9_SAMPLE/Kmarmoratus_HON9_LIBRARY/Kmarmoratus_HON9_LANE/SRR5489795_x.fastq.gz/reads.pair[12].truncated.gz' onto GCA_007896545.1_ASM789654v1_genomic.Edited using BWA mem (PE) using 5 threads
2022-07-27 19:05:00,133 paleomix.nodegraph INFO [5/126] Finished validating /scratch/waldirmbf/Outgroup_PaleoMix/Kmarmoratus_LK1/Khermaphroditus_REF_PanRS_BWA/Kmarmoratus_LK1_SAMPLE/Kmarmoratus_LK1_LIBRARY/Kmarmoratus_LK1_LANE/SRR5489798_x.fastq.gz/collapsedtruncated.bam
2022-07-27 19:05:00,234 paleomix.nodegraph INFO [6/126] Started calculating coverage for /scratch/waldirmbf/Outgroup_PaleoMix/Kmarmoratus_LK1/Khermaphroditus_REF_PanRS_BWA/Kmarmoratus_LK1_SAMPLE/Kmarmoratus_LK1_LIBRARY/Kmarmoratus_LK1_LANE/SRR5489798_x.fastq.gz/collapsedtruncated.bam
2022-07-27 19:05:00,760 paleomix.nodegraph INFO [5/125] Finished calculating coverage for /scratch/waldirmbf/Outgroup_PaleoMix/Kmarmoratus_LK1/Khermaphroditus_REF_PanRS_BWA/Kmarmoratus_LK1_SAMPLE/Kmarmoratus_LK1_LIBRARY/Kmarmoratus_LK1_LANE/SRR5489798_x.fastq.gz/collapsedtruncated.bam
2022-07-27 19:08:53,725 paleomix.nodegraph INFO [4/124] Finished alignment of '/scratch/waldirmbf/Outgroup_PaleoMix/Kmarmoratus_HON9/reads/Kmarmoratus_HON9_SAMPLE/Kmarmoratus_HON9_LIBRARY/Kmarmoratus_HON9_LANE/SRR5489795_x.fastq.gz/reads.collapsed.gz' onto GCA_007896545.1_ASM789654v1_genomic.Edited using BWA mem (SE) using 5 threads
2022-07-27 19:08:53,826 paleomix.nodegraph INFO [5/124] Started validating /scratch/waldirmbf/Outgroup_PaleoMix/Kmarmoratus_HON9/Khermaphroditus_REF_PanRS_BWA/Kmarmoratus_HON9_SAMPLE/Kmarmoratus_HON9_LIBRARY/Kmarmoratus_HON9_LANE/SRR5489795_x.fastq.gz/collapsed.bam
2022-07-27 19:08:53,827 paleomix.nodegraph INFO [6/124] Started trimming PE adapters from '/scratch/waldirmbf/AdditionalGenomeSamples/RawFiles/SRR5489808_[12].fastq.gz'
2022-07-27 19:09:23,928 paleomix.nodegraph INFO [5/123] Finished validating /scratch/waldirmbf/Outgroup_PaleoMix/Kmarmoratus_HON9/Khermaphroditus_REF_PanRS_BWA/Kmarmoratus_HON9_SAMPLE/Kmarmoratus_HON9_LIBRARY/Kmarmoratus_HON9_LANE/SRR5489795_x.fastq.gz/collapsed.bam
2022-07-27 19:09:24,029 paleomix.nodegraph INFO [6/123] Started calculating coverage for /scratch/waldirmbf/Outgroup_PaleoMix/Kmarmoratus_HON9/Khermaphroditus_REF_PanRS_BWA/Kmarmoratus_HON9_SAMPLE/Kmarmoratus_HON9_LIBRARY/Kmarmoratus_HON9_LANE/SRR5489795_x.fastq.gz/collapsed.bam
2022-07-27 19:09:24,030 paleomix.nodegraph INFO [7/123] Started filtering collapsed PCR duplicates in '/scratch/waldirmbf/Outgroup_PaleoMix/Kmarmoratus_HON9/Khermaphroditus_REF_PanRS_BWA/Kmarmoratus_HON9_SAMPLE/Kmarmoratus_HON9_LIBRARY/Kmarmoratus_HON9_LANE/SRR5489795_x.fastq.gz/collapsed.bam'
2022-07-27 19:10:12,133 paleomix.nodegraph INFO [6/122] Finished calculating coverage for /scratch/waldirmbf/Outgroup_PaleoMix/Kmarmoratus_HON9/Khermaphroditus_REF_PanRS_BWA/Kmarmoratus_HON9_SAMPLE/Kmarmoratus_HON9_LIBRARY/Kmarmoratus_HON9_LANE/SRR5489795_x.fastq.gz/collapsed.bam
2022-07-27 19:11:18,331 paleomix.nodegraph INFO [5/121] Finished filtering collapsed PCR duplicates in '/scratch/waldirmbf/Outgroup_PaleoMix/Kmarmoratus_HON9/Khermaphroditus_REF_PanRS_BWA/Kmarmoratus_HON9_SAMPLE/Kmarmoratus_HON9_LIBRARY/Kmarmoratus_HON9_LANE/SRR5489795_x.fastq.gz/collapsed.bam'
2022-07-27 19:11:18,433 paleomix.nodegraph INFO [6/121] Started validating /scratch/waldirmbf/Outgroup_PaleoMix/Kmarmoratus_HON9/Khermaphroditus_REF_PanRS_BWA/Kmarmoratus_HON9_SAMPLE/Kmarmoratus_HON9_LIBRARY.rmdup.collapsed.bam
2022-07-27 19:11:50,219 paleomix.nodegraph INFO [5/120] Finished validating /scratch/waldirmbf/Outgroup_PaleoMix/Kmarmoratus_HON9/Khermaphroditus_REF_PanRS_BWA/Kmarmoratus_HON9_SAMPLE/Kmarmoratus_HON9_LIBRARY.rmdup.collapsed.bam
2022-07-27 19:11:50,321 paleomix.nodegraph INFO [6/120] Started calculating coverage for /scratch/waldirmbf/Outgroup_PaleoMix/Kmarmoratus_HON9/Khermaphroditus_REF_PanRS_BWA/Kmarmoratus_HON9_SAMPLE/Kmarmoratus_HON9_LIBRARY.rmdup.collapsed.bam
2022-07-27 19:12:35,914 paleomix.nodegraph INFO [5/119] Finished calculating coverage for /scratch/waldirmbf/Outgroup_PaleoMix/Kmarmoratus_HON9/Khermaphroditus_REF_PanRS_BWA/Kmarmoratus_HON9_SAMPLE/Kmarmoratus_HON9_LIBRARY.rmdup.collapsed.bam
2022-07-27 19:16:24,092 paleomix.nodegraph INFO [4/118] Finished validating /scratch/waldirmbf/Outgroup_PaleoMix/Kmarmoratus_LK1/Khermaphroditus_REF_PanRS_BWA/Kmarmoratus_LK1_SAMPLE/Kmarmoratus_LK1_LIBRARY/Kmarmoratus_LK1_LANE/SRR5489798_x.fastq.gz/paired.bam
2022-07-27 19:16:24,194 paleomix.nodegraph INFO [5/118] Started detecting PCR duplicates in 3 files in '/scratch/waldirmbf/Outgroup_PaleoMix/Kmarmoratus_LK1/Khermaphroditus_REF_PanRS_BWA/Kmarmoratus_LK1_SAMPLE/Kmarmoratus_LK1_LIBRARY/Kmarmoratus_LK1_LANE/SRR5489798_x.fastq.gz'
2022-07-27 19:16:24,194 paleomix.nodegraph INFO [6/118] Started calculating coverage for /scratch/waldirmbf/Outgroup_PaleoMix/Kmarmoratus_LK1/Khermaphroditus_REF_PanRS_BWA/Kmarmoratus_LK1_SAMPLE/Kmarmoratus_LK1_LIBRARY/Kmarmoratus_LK1_LANE/SRR5489798_x.fastq.gz/paired.bam
2022-07-27 19:18:38,284 paleomix.nodegraph INFO [5/117] Finished detecting PCR duplicates in 3 files in '/scratch/waldirmbf/Outgroup_PaleoMix/Kmarmoratus_DAN2K/Khermaphroditus_REF_PanRS_BWA/Kmarmoratus_DAN2K_SAMPLE/Kmarmoratus_DAN2K_LIBRARY/Kmarmoratus_DAN2K_LANE/SRR5489803_x.fastq.gz'
2022-07-27 19:18:40,055 paleomix.nodegraph INFO [6/117] Started validating /scratch/waldirmbf/Outgroup_PaleoMix/Kmarmoratus_DAN2K/Khermaphroditus_REF_PanRS_BWA/Kmarmoratus_DAN2K_SAMPLE/Kmarmoratus_DAN2K_LIBRARY.rmdup.normal.bam
2022-07-27 19:20:59,582 paleomix.nodegraph INFO [5/116] Finished trimming PE adapters from '/scratch/waldirmbf/AdditionalGenomeSamples/RawFiles/SRR5489808_[12].fastq.gz'
2022-07-27 19:20:59,684 paleomix.nodegraph INFO [6/116] Started alignment of '/scratch/waldirmbf/Outgroup_PaleoMix/Khermaphroditus_Gitmo/reads/Khermaphroditus_Gitmo_SAMPLE/Khermaphroditus_Gitmo_LIBRARY/Khermaphroditus_Gitmo_LANE/SRR5489808_x.fastq.gz/reads.collapsed.gz' onto GCA_007896545.1_ASM789654v1_genomic.Edited using BWA mem (SE) using 5 threads
2022-07-27 19:23:05,521 paleomix.nodegraph INFO [5/115] Finished calculating coverage for /scratch/waldirmbf/Outgroup_PaleoMix/Kmarmoratus_LK1/Khermaphroditus_REF_PanRS_BWA/Kmarmoratus_LK1_SAMPLE/Kmarmoratus_LK1_LIBRARY/Kmarmoratus_LK1_LANE/SRR5489798_x.fastq.gz/paired.bam
2022-07-27 19:31:12,982 paleomix.nodegraph INFO [4/114] Finished validating /scratch/waldirmbf/Outgroup_PaleoMix/Kmarmoratus_DAN2K/Khermaphroditus_REF_PanRS_BWA/Kmarmoratus_DAN2K_SAMPLE/Kmarmoratus_DAN2K_LIBRARY.rmdup.normal.bam
2022-07-27 19:31:13,123 paleomix.nodegraph INFO [5/114] Started calculating coverage for /scratch/waldirmbf/Outgroup_PaleoMix/Kmarmoratus_DAN2K/Khermaphroditus_REF_PanRS_BWA/Kmarmoratus_DAN2K_SAMPLE/Kmarmoratus_DAN2K_LIBRARY.rmdup.normal.bam
2022-07-27 19:31:13,124 paleomix.nodegraph INFO [6/114] Started detecting duplicate input in 2 files in '/scratch/waldirmbf/Outgroup_PaleoMix/Kmarmoratus_DAN2K/Khermaphroditus_REF_PanRS_BWA/Kmarmoratus_DAN2K_SAMPLE'
2022-07-27 19:31:13,124 paleomix.nodegraph INFO [7/114] Started detecting duplicate input in 2 files in '/scratch/waldirmbf/Outgroup_PaleoMix/Kmarmoratus_DAN2K/Khermaphroditus_REF_PanRS_BWA/Kmarmoratus_DAN2K_SAMPLE'
2022-07-27 19:36:33,888 paleomix.nodegraph INFO [6/113] Finished detecting duplicate input in 2 files in '/scratch/waldirmbf/Outgroup_PaleoMix/Kmarmoratus_DAN2K/Khermaphroditus_REF_PanRS_BWA/Kmarmoratus_DAN2K_SAMPLE'
2022-07-27 19:36:36,993 paleomix.nodegraph INFO [5/112] Finished detecting duplicate input in 2 files in '/scratch/waldirmbf/Outgroup_PaleoMix/Kmarmoratus_DAN2K/Khermaphroditus_REF_PanRS_BWA/Kmarmoratus_DAN2K_SAMPLE'
2022-07-27 19:36:37,094 paleomix.nodegraph INFO [6/112] Started merging 2 file(s) into /scratch/waldirmbf/Outgroup_PaleoMix/Kmarmoratus_DAN2K.Khermaphroditus_REF_PanRS_BWA.bam
2022-07-27 19:36:54,303 paleomix.nodegraph INFO [5/111] Finished alignment of '/scratch/waldirmbf/Outgroup_PaleoMix/Khermaphroditus_Gitmo/reads/Khermaphroditus_Gitmo_SAMPLE/Khermaphroditus_Gitmo_LIBRARY/Khermaphroditus_Gitmo_LANE/SRR5489808_x.fastq.gz/reads.collapsed.gz' onto GCA_007896545.1_ASM789654v1_genomic.Edited using BWA mem (SE) using 5 threads
2022-07-27 19:36:54,404 paleomix.nodegraph INFO [6/111] Started validating /scratch/waldirmbf/Outgroup_PaleoMix/Khermaphroditus_Gitmo/Khermaphroditus_REF_PanRS_BWA/Khermaphroditus_Gitmo_SAMPLE/Khermaphroditus_Gitmo_LIBRARY/Khermaphroditus_Gitmo_LANE/SRR5489808_x.fastq.gz/collapsed.bam
2022-07-27 19:36:54,405 paleomix.nodegraph INFO [7/111] Started alignment of '/scratch/waldirmbf/Outgroup_PaleoMix/Khermaphroditus_Gitmo/reads/Khermaphroditus_Gitmo_SAMPLE/Khermaphroditus_Gitmo_LIBRARY/Khermaphroditus_Gitmo_LANE/SRR5489808_x.fastq.gz/reads.pair[12].truncated.gz' onto GCA_007896545.1_ASM789654v1_genomic.Edited using BWA mem (PE) using 5 threads
2022-07-27 19:37:48,670 paleomix.nodegraph INFO [6/110] Finished validating /scratch/waldirmbf/Outgroup_PaleoMix/Khermaphroditus_Gitmo/Khermaphroditus_REF_PanRS_BWA/Khermaphroditus_Gitmo_SAMPLE/Khermaphroditus_Gitmo_LIBRARY/Khermaphroditus_Gitmo_LANE/SRR5489808_x.fastq.gz/collapsed.bam
2022-07-27 19:37:48,771 paleomix.nodegraph INFO [7/110] Started filtering collapsed PCR duplicates in '/scratch/waldirmbf/Outgroup_PaleoMix/Khermaphroditus_Gitmo/Khermaphroditus_REF_PanRS_BWA/Khermaphroditus_Gitmo_SAMPLE/Khermaphroditus_Gitmo_LIBRARY/Khermaphroditus_Gitmo_LANE/SRR5489808_x.fastq.gz/collapsed.bam'
2022-07-27 19:37:48,772 paleomix.nodegraph INFO [8/110] Started calculating coverage for /scratch/waldirmbf/Outgroup_PaleoMix/Khermaphroditus_Gitmo/Khermaphroditus_REF_PanRS_BWA/Khermaphroditus_Gitmo_SAMPLE/Khermaphroditus_Gitmo_LIBRARY/Khermaphroditus_Gitmo_LANE/SRR5489808_x.fastq.gz/collapsed.bam
2022-07-27 19:39:21,000 paleomix.nodegraph INFO [7/109] Finished calculating coverage for /scratch/waldirmbf/Outgroup_PaleoMix/Kmarmoratus_DAN2K/Khermaphroditus_REF_PanRS_BWA/Kmarmoratus_DAN2K_SAMPLE/Kmarmoratus_DAN2K_LIBRARY.rmdup.normal.bam
2022-07-27 19:39:21,101 paleomix.nodegraph INFO [8/109] Started merging coverage tables from 2 files in '/scratch/waldirmbf/Outgroup_PaleoMix/Kmarmoratus_DAN2K/Khermaphroditus_REF_PanRS_BWA/Kmarmoratus_DAN2K_SAMPLE'
2022-07-27 19:39:21,159 paleomix.nodegraph INFO [7/108] Finished merging coverage tables from 2 files in '/scratch/waldirmbf/Outgroup_PaleoMix/Kmarmoratus_DAN2K/Khermaphroditus_REF_PanRS_BWA/Kmarmoratus_DAN2K_SAMPLE'
2022-07-27 19:39:21,260 paleomix.nodegraph INFO [8/108] Started writing summary to /scratch/waldirmbf/Outgroup_PaleoMix/Kmarmoratus_DAN2K.summary
2022-07-27 19:39:21,390 paleomix.nodegraph INFO [7/107] Finished writing summary to /scratch/waldirmbf/Outgroup_PaleoMix/Kmarmoratus_DAN2K.summary
2022-07-27 19:39:26,046 paleomix.nodegraph INFO [6/106] Finished calculating coverage for /scratch/waldirmbf/Outgroup_PaleoMix/Khermaphroditus_Gitmo/Khermaphroditus_REF_PanRS_BWA/Khermaphroditus_Gitmo_SAMPLE/Khermaphroditus_Gitmo_LIBRARY/Khermaphroditus_Gitmo_LANE/SRR5489808_x.fastq.gz/collapsed.bam
2022-07-27 19:39:54,597 paleomix.nodegraph INFO [5/105] Finished detecting PCR duplicates in 3 files in '/scratch/waldirmbf/Outgroup_PaleoMix/Kmarmoratus_LK1/Khermaphroditus_REF_PanRS_BWA/Kmarmoratus_LK1_SAMPLE/Kmarmoratus_LK1_LIBRARY/Kmarmoratus_LK1_LANE/SRR5489798_x.fastq.gz'
2022-07-27 19:39:54,699 paleomix.nodegraph INFO [6/105] Started validating /scratch/waldirmbf/Outgroup_PaleoMix/Kmarmoratus_LK1/Khermaphroditus_REF_PanRS_BWA/Kmarmoratus_LK1_SAMPLE/Kmarmoratus_LK1_LIBRARY.rmdup.normal.bam
2022-07-27 19:41:38,058 paleomix.nodegraph INFO [5/104] Finished filtering collapsed PCR duplicates in '/scratch/waldirmbf/Outgroup_PaleoMix/Khermaphroditus_Gitmo/Khermaphroditus_REF_PanRS_BWA/Khermaphroditus_Gitmo_SAMPLE/Khermaphroditus_Gitmo_LIBRARY/Khermaphroditus_Gitmo_LANE/SRR5489808_x.fastq.gz/collapsed.bam'
2022-07-27 19:41:38,160 paleomix.nodegraph INFO [6/104] Started validating /scratch/waldirmbf/Outgroup_PaleoMix/Khermaphroditus_Gitmo/Khermaphroditus_REF_PanRS_BWA/Khermaphroditus_Gitmo_SAMPLE/Khermaphroditus_Gitmo_LIBRARY.rmdup.collapsed.bam
2022-07-27 19:42:28,489 paleomix.nodegraph INFO [5/103] Finished validating /scratch/waldirmbf/Outgroup_PaleoMix/Khermaphroditus_Gitmo/Khermaphroditus_REF_PanRS_BWA/Khermaphroditus_Gitmo_SAMPLE/Khermaphroditus_Gitmo_LIBRARY.rmdup.collapsed.bam
2022-07-27 19:42:28,591 paleomix.nodegraph INFO [6/103] Started calculating coverage for /scratch/waldirmbf/Outgroup_PaleoMix/Khermaphroditus_Gitmo/Khermaphroditus_REF_PanRS_BWA/Khermaphroditus_Gitmo_SAMPLE/Khermaphroditus_Gitmo_LIBRARY.rmdup.collapsed.bam
2022-07-27 19:44:03,339 paleomix.nodegraph INFO [5/102] Finished calculating coverage for /scratch/waldirmbf/Outgroup_PaleoMix/Khermaphroditus_Gitmo/Khermaphroditus_REF_PanRS_BWA/Khermaphroditus_Gitmo_SAMPLE/Khermaphroditus_Gitmo_LIBRARY.rmdup.collapsed.bam
2022-07-27 19:48:28,907 paleomix.nodegraph INFO [4/101] Finished validating /scratch/waldirmbf/Outgroup_PaleoMix/Kmarmoratus_LK1/Khermaphroditus_REF_PanRS_BWA/Kmarmoratus_LK1_SAMPLE/Kmarmoratus_LK1_LIBRARY.rmdup.normal.bam
2022-07-27 19:48:29,009 paleomix.nodegraph INFO [5/101] Started detecting duplicate input in 2 files in '/scratch/waldirmbf/Outgroup_PaleoMix/Kmarmoratus_LK1/Khermaphroditus_REF_PanRS_BWA/Kmarmoratus_LK1_SAMPLE'
2022-07-27 19:48:29,010 paleomix.nodegraph INFO [6/101] Started detecting duplicate input in 2 files in '/scratch/waldirmbf/Outgroup_PaleoMix/Kmarmoratus_LK1/Khermaphroditus_REF_PanRS_BWA/Kmarmoratus_LK1_SAMPLE'
2022-07-27 19:48:29,010 paleomix.nodegraph INFO [7/101] Started calculating coverage for /scratch/waldirmbf/Outgroup_PaleoMix/Kmarmoratus_LK1/Khermaphroditus_REF_PanRS_BWA/Kmarmoratus_LK1_SAMPLE/Kmarmoratus_LK1_LIBRARY.rmdup.normal.bam
2022-07-27 19:51:59,315 paleomix.nodegraph INFO [6/100] Finished detecting duplicate input in 2 files in '/scratch/waldirmbf/Outgroup_PaleoMix/Kmarmoratus_LK1/Khermaphroditus_REF_PanRS_BWA/Kmarmoratus_LK1_SAMPLE'
2022-07-27 19:51:59,417 paleomix.nodegraph INFO [7/100] Started merging 2 file(s) into /scratch/waldirmbf/Outgroup_PaleoMix/Kmarmoratus_LK1.Khermaphroditus_REF_PanRS_BWA.bam
2022-07-27 19:52:05,519 paleomix.nodegraph INFO [6/99] Finished detecting duplicate input in 2 files in '/scratch/waldirmbf/Outgroup_PaleoMix/Kmarmoratus_LK1/Khermaphroditus_REF_PanRS_BWA/Kmarmoratus_LK1_SAMPLE'
2022-07-27 19:52:05,872 paleomix.nodegraph INFO [5/98] Finished merging 2 file(s) into /scratch/waldirmbf/Outgroup_PaleoMix/Kmarmoratus_DAN2K.Khermaphroditus_REF_PanRS_BWA.bam
2022-07-27 19:52:05,987 paleomix.nodegraph INFO [6/98] Started creating BAI index for /scratch/waldirmbf/Outgroup_PaleoMix/Kmarmoratus_DAN2K.Khermaphroditus_REF_PanRS_BWA.bam
2022-07-27 19:54:03,887 paleomix.nodegraph INFO [5/97] Finished calculating coverage for /scratch/waldirmbf/Outgroup_PaleoMix/Kmarmoratus_LK1/Khermaphroditus_REF_PanRS_BWA/Kmarmoratus_LK1_SAMPLE/Kmarmoratus_LK1_LIBRARY.rmdup.normal.bam
2022-07-27 19:54:03,988 paleomix.nodegraph INFO [6/97] Started merging coverage tables from 2 files in '/scratch/waldirmbf/Outgroup_PaleoMix/Kmarmoratus_LK1/Khermaphroditus_REF_PanRS_BWA/Kmarmoratus_LK1_SAMPLE'
2022-07-27 19:54:04,163 paleomix.nodegraph INFO [5/96] Finished merging coverage tables from 2 files in '/scratch/waldirmbf/Outgroup_PaleoMix/Kmarmoratus_LK1/Khermaphroditus_REF_PanRS_BWA/Kmarmoratus_LK1_SAMPLE'
2022-07-27 19:54:04,264 paleomix.nodegraph INFO [6/96] Started writing summary to /scratch/waldirmbf/Outgroup_PaleoMix/Kmarmoratus_LK1.summary
2022-07-27 19:54:04,642 paleomix.nodegraph INFO [5/95] Finished writing summary to /scratch/waldirmbf/Outgroup_PaleoMix/Kmarmoratus_LK1.summary
2022-07-27 19:54:06,536 paleomix.nodegraph INFO [4/94] Finished creating BAI index for /scratch/waldirmbf/Outgroup_PaleoMix/Kmarmoratus_DAN2K.Khermaphroditus_REF_PanRS_BWA.bam
2022-07-27 19:54:06,638 paleomix.nodegraph INFO [5/94] Started validating /scratch/waldirmbf/Outgroup_PaleoMix/Kmarmoratus_DAN2K.Khermaphroditus_REF_PanRS_BWA.bam
2022-07-27 20:03:23,994 paleomix.nodegraph INFO [4/93] Finished merging 2 file(s) into /scratch/waldirmbf/Outgroup_PaleoMix/Kmarmoratus_LK1.Khermaphroditus_REF_PanRS_BWA.bam
2022-07-27 20:03:24,128 paleomix.nodegraph INFO [5/93] Started creating BAI index for /scratch/waldirmbf/Outgroup_PaleoMix/Kmarmoratus_LK1.Khermaphroditus_REF_PanRS_BWA.bam
2022-07-27 20:04:28,935 paleomix.nodegraph INFO [4/92] Finished creating BAI index for /scratch/waldirmbf/Outgroup_PaleoMix/Kmarmoratus_LK1.Khermaphroditus_REF_PanRS_BWA.bam
2022-07-27 20:04:29,037 paleomix.nodegraph INFO [5/92] Started validating /scratch/waldirmbf/Outgroup_PaleoMix/Kmarmoratus_LK1.Khermaphroditus_REF_PanRS_BWA.bam
2022-07-27 20:07:23,530 paleomix.nodegraph INFO [4/91] Finished validating /scratch/waldirmbf/Outgroup_PaleoMix/Kmarmoratus_DAN2K.Khermaphroditus_REF_PanRS_BWA.bam
2022-07-27 20:07:23,631 paleomix.nodegraph INFO [5/91] Started calculating depth histogram for /scratch/waldirmbf/Outgroup_PaleoMix/Kmarmoratus_DAN2K.Khermaphroditus_REF_PanRS_BWA.bam
2022-07-27 20:12:08,257 paleomix.nodegraph INFO [4/90] Finished validating /scratch/waldirmbf/Outgroup_PaleoMix/Kmarmoratus_LK1.Khermaphroditus_REF_PanRS_BWA.bam
2022-07-27 20:12:08,358 paleomix.nodegraph INFO [5/90] Started calculating depth histogram for /scratch/waldirmbf/Outgroup_PaleoMix/Kmarmoratus_LK1.Khermaphroditus_REF_PanRS_BWA.bam
2022-07-27 20:19:35,769 paleomix.nodegraph INFO [4/89] Finished alignment of '/scratch/waldirmbf/Outgroup_PaleoMix/Khermaphroditus_Gitmo/reads/Khermaphroditus_Gitmo_SAMPLE/Khermaphroditus_Gitmo_LIBRARY/Khermaphroditus_Gitmo_LANE/SRR5489808_x.fastq.gz/reads.pair[12].truncated.gz' onto GCA_007896545.1_ASM789654v1_genomic.Edited using BWA mem (PE) using 5 threads
2022-07-27 20:19:35,933 paleomix.nodegraph INFO [5/89] Started validating /scratch/waldirmbf/Outgroup_PaleoMix/Khermaphroditus_Gitmo/Khermaphroditus_REF_PanRS_BWA/Khermaphroditus_Gitmo_SAMPLE/Khermaphroditus_Gitmo_LIBRARY/Khermaphroditus_Gitmo_LANE/SRR5489808_x.fastq.gz/paired.bam
2022-07-27 20:19:35,933 paleomix.nodegraph INFO [6/89] Started alignment of '/scratch/waldirmbf/Outgroup_PaleoMix/Khermaphroditus_Gitmo/reads/Khermaphroditus_Gitmo_SAMPLE/Khermaphroditus_Gitmo_LIBRARY/Khermaphroditus_Gitmo_LANE/SRR5489808_x.fastq.gz/reads.singleton.truncated.gz' onto GCA_007896545.1_ASM789654v1_genomic.Edited using BWA mem (SE) using 5 threads
2022-07-27 20:20:18,266 paleomix.nodegraph INFO [5/88] Finished alignment of '/scratch/waldirmbf/Outgroup_PaleoMix/Khermaphroditus_Gitmo/reads/Khermaphroditus_Gitmo_SAMPLE/Khermaphroditus_Gitmo_LIBRARY/Khermaphroditus_Gitmo_LANE/SRR5489808_x.fastq.gz/reads.singleton.truncated.gz' onto GCA_007896545.1_ASM789654v1_genomic.Edited using BWA mem (SE) using 5 threads
2022-07-27 20:20:18,367 paleomix.nodegraph INFO [6/88] Started validating /scratch/waldirmbf/Outgroup_PaleoMix/Khermaphroditus_Gitmo/Khermaphroditus_REF_PanRS_BWA/Khermaphroditus_Gitmo_SAMPLE/Khermaphroditus_Gitmo_LIBRARY/Khermaphroditus_Gitmo_LANE/SRR5489808_x.fastq.gz/singleton.bam
2022-07-27 20:20:18,368 paleomix.nodegraph INFO [7/88] Started alignment of '/scratch/waldirmbf/Outgroup_PaleoMix/Khermaphroditus_Gitmo/reads/Khermaphroditus_Gitmo_SAMPLE/Khermaphroditus_Gitmo_LIBRARY/Khermaphroditus_Gitmo_LANE/SRR5489808_x.fastq.gz/reads.collapsed.truncated.gz' onto GCA_007896545.1_ASM789654v1_genomic.Edited using BWA mem (SE) using 5 threads
2022-07-27 20:20:22,170 paleomix.nodegraph INFO [6/87] Finished validating /scratch/waldirmbf/Outgroup_PaleoMix/Khermaphroditus_Gitmo/Khermaphroditus_REF_PanRS_BWA/Khermaphroditus_Gitmo_SAMPLE/Khermaphroditus_Gitmo_LIBRARY/Khermaphroditus_Gitmo_LANE/SRR5489808_x.fastq.gz/singleton.bam
2022-07-27 20:20:22,291 paleomix.nodegraph INFO [7/87] Started calculating coverage for /scratch/waldirmbf/Outgroup_PaleoMix/Khermaphroditus_Gitmo/Khermaphroditus_REF_PanRS_BWA/Khermaphroditus_Gitmo_SAMPLE/Khermaphroditus_Gitmo_LIBRARY/Khermaphroditus_Gitmo_LANE/SRR5489808_x.fastq.gz/singleton.bam
2022-07-27 20:20:25,665 paleomix.nodegraph INFO [6/86] Finished alignment of '/scratch/waldirmbf/Outgroup_PaleoMix/Khermaphroditus_Gitmo/reads/Khermaphroditus_Gitmo_SAMPLE/Khermaphroditus_Gitmo_LIBRARY/Khermaphroditus_Gitmo_LANE/SRR5489808_x.fastq.gz/reads.collapsed.truncated.gz' onto GCA_007896545.1_ASM789654v1_genomic.Edited using BWA mem (SE) using 5 threads
2022-07-27 20:20:25,767 paleomix.nodegraph INFO [7/86] Started validating /scratch/waldirmbf/Outgroup_PaleoMix/Khermaphroditus_Gitmo/Khermaphroditus_REF_PanRS_BWA/Khermaphroditus_Gitmo_SAMPLE/Khermaphroditus_Gitmo_LIBRARY/Khermaphroditus_Gitmo_LANE/SRR5489808_x.fastq.gz/collapsedtruncated.bam
2022-07-27 20:20:25,768 paleomix.nodegraph INFO [8/86] Started trimming PE adapters from '/scratch/waldirmbf/AdditionalGenomeSamples/RawFiles/SRR5489800_[12].fastq.gz'
2022-07-27 20:20:27,760 paleomix.nodegraph INFO [7/85] Finished calculating coverage for /scratch/waldirmbf/Outgroup_PaleoMix/Khermaphroditus_Gitmo/Khermaphroditus_REF_PanRS_BWA/Khermaphroditus_Gitmo_SAMPLE/Khermaphroditus_Gitmo_LIBRARY/Khermaphroditus_Gitmo_LANE/SRR5489808_x.fastq.gz/singleton.bam
2022-07-27 20:20:28,105 paleomix.nodegraph INFO [6/84] Finished validating /scratch/waldirmbf/Outgroup_PaleoMix/Khermaphroditus_Gitmo/Khermaphroditus_REF_PanRS_BWA/Khermaphroditus_Gitmo_SAMPLE/Khermaphroditus_Gitmo_LIBRARY/Khermaphroditus_Gitmo_LANE/SRR5489808_x.fastq.gz/collapsedtruncated.bam
2022-07-27 20:20:28,206 paleomix.nodegraph INFO [7/84] Started calculating coverage for /scratch/waldirmbf/Outgroup_PaleoMix/Khermaphroditus_Gitmo/Khermaphroditus_REF_PanRS_BWA/Khermaphroditus_Gitmo_SAMPLE/Khermaphroditus_Gitmo_LIBRARY/Khermaphroditus_Gitmo_LANE/SRR5489808_x.fastq.gz/collapsedtruncated.bam
2022-07-27 20:20:28,861 paleomix.nodegraph INFO [6/83] Finished calculating coverage for /scratch/waldirmbf/Outgroup_PaleoMix/Khermaphroditus_Gitmo/Khermaphroditus_REF_PanRS_BWA/Khermaphroditus_Gitmo_SAMPLE/Khermaphroditus_Gitmo_LIBRARY/Khermaphroditus_Gitmo_LANE/SRR5489808_x.fastq.gz/collapsedtruncated.bam
2022-07-27 20:30:46,878 paleomix.nodegraph INFO [5/82] Finished validating /scratch/waldirmbf/Outgroup_PaleoMix/Khermaphroditus_Gitmo/Khermaphroditus_REF_PanRS_BWA/Khermaphroditus_Gitmo_SAMPLE/Khermaphroditus_Gitmo_LIBRARY/Khermaphroditus_Gitmo_LANE/SRR5489808_x.fastq.gz/paired.bam
2022-07-27 20:30:46,979 paleomix.nodegraph INFO [6/82] Started detecting PCR duplicates in 3 files in '/scratch/waldirmbf/Outgroup_PaleoMix/Khermaphroditus_Gitmo/Khermaphroditus_REF_PanRS_BWA/Khermaphroditus_Gitmo_SAMPLE/Khermaphroditus_Gitmo_LIBRARY/Khermaphroditus_Gitmo_LANE/SRR5489808_x.fastq.gz'
2022-07-27 20:30:46,980 paleomix.nodegraph INFO [7/82] Started calculating coverage for /scratch/waldirmbf/Outgroup_PaleoMix/Khermaphroditus_Gitmo/Khermaphroditus_REF_PanRS_BWA/Khermaphroditus_Gitmo_SAMPLE/Khermaphroditus_Gitmo_LIBRARY/Khermaphroditus_Gitmo_LANE/SRR5489808_x.fastq.gz/paired.bam
2022-07-27 20:31:08,247 paleomix.nodegraph INFO [6/81] Finished calculating depth histogram for /scratch/waldirmbf/Outgroup_PaleoMix/Kmarmoratus_LK1.Khermaphroditus_REF_PanRS_BWA.bam
2022-07-27 20:34:54,057 paleomix.nodegraph INFO [5/80] Finished calculating depth histogram for /scratch/waldirmbf/Outgroup_PaleoMix/Kmarmoratus_DAN2K.Khermaphroditus_REF_PanRS_BWA.bam
2022-07-27 20:37:45,696 paleomix.nodegraph INFO [4/79] Finished calculating coverage for /scratch/waldirmbf/Outgroup_PaleoMix/Khermaphroditus_Gitmo/Khermaphroditus_REF_PanRS_BWA/Khermaphroditus_Gitmo_SAMPLE/Khermaphroditus_Gitmo_LIBRARY/Khermaphroditus_Gitmo_LANE/SRR5489808_x.fastq.gz/paired.bam
2022-07-27 20:52:23,196 paleomix.nodegraph INFO [3/78] Finished detecting PCR duplicates in 3 files in '/scratch/waldirmbf/Outgroup_PaleoMix/Khermaphroditus_Gitmo/Khermaphroditus_REF_PanRS_BWA/Khermaphroditus_Gitmo_SAMPLE/Khermaphroditus_Gitmo_LIBRARY/Khermaphroditus_Gitmo_LANE/SRR5489808_x.fastq.gz'
2022-07-27 20:52:23,298 paleomix.nodegraph INFO [4/78] Started validating /scratch/waldirmbf/Outgroup_PaleoMix/Khermaphroditus_Gitmo/Khermaphroditus_REF_PanRS_BWA/Khermaphroditus_Gitmo_SAMPLE/Khermaphroditus_Gitmo_LIBRARY.rmdup.normal.bam
2022-07-27 21:04:40,585 paleomix.nodegraph INFO [3/77] Finished trimming PE adapters from '/scratch/waldirmbf/AdditionalGenomeSamples/RawFiles/SRR5489800_[12].fastq.gz'
2022-07-27 21:04:40,686 paleomix.nodegraph INFO [4/77] Started alignment of '/scratch/waldirmbf/Outgroup_PaleoMix/Kmarmoratus_RHL/reads/Kmarmoratus_RHL_SAMPLE/Kmarmoratus_RHL_LIBRARY/Kmarmoratus_RHL_LANE/SRR5489800_x.fastq.gz/reads.collapsed.gz' onto GCA_007896545.1_ASM789654v1_genomic.Edited using BWA mem (SE) using 5 threads
2022-07-27 21:05:12,590 paleomix.nodegraph INFO [3/76] Finished validating /scratch/waldirmbf/Outgroup_PaleoMix/Khermaphroditus_Gitmo/Khermaphroditus_REF_PanRS_BWA/Khermaphroditus_Gitmo_SAMPLE/Khermaphroditus_Gitmo_LIBRARY.rmdup.normal.bam
2022-07-27 21:05:12,692 paleomix.nodegraph INFO [4/76] Started detecting duplicate input in 2 files in '/scratch/waldirmbf/Outgroup_PaleoMix/Khermaphroditus_Gitmo/Khermaphroditus_REF_PanRS_BWA/Khermaphroditus_Gitmo_SAMPLE'
2022-07-27 21:05:12,693 paleomix.nodegraph INFO [5/76] Started detecting duplicate input in 2 files in '/scratch/waldirmbf/Outgroup_PaleoMix/Khermaphroditus_Gitmo/Khermaphroditus_REF_PanRS_BWA/Khermaphroditus_Gitmo_SAMPLE'
2022-07-27 21:05:12,693 paleomix.nodegraph INFO [6/76] Started calculating coverage for /scratch/waldirmbf/Outgroup_PaleoMix/Khermaphroditus_Gitmo/Khermaphroditus_REF_PanRS_BWA/Khermaphroditus_Gitmo_SAMPLE/Khermaphroditus_Gitmo_LIBRARY.rmdup.normal.bam
2022-07-27 21:08:59,016 paleomix.nodegraph INFO [5/75] Finished detecting duplicate input in 2 files in '/scratch/waldirmbf/Outgroup_PaleoMix/Khermaphroditus_Gitmo/Khermaphroditus_REF_PanRS_BWA/Khermaphroditus_Gitmo_SAMPLE'
2022-07-27 21:08:59,047 paleomix.nodegraph INFO [4/74] Finished detecting duplicate input in 2 files in '/scratch/waldirmbf/Outgroup_PaleoMix/Khermaphroditus_Gitmo/Khermaphroditus_REF_PanRS_BWA/Khermaphroditus_Gitmo_SAMPLE'
2022-07-27 21:08:59,148 paleomix.nodegraph INFO [5/74] Started merging 2 file(s) into /scratch/waldirmbf/Outgroup_PaleoMix/Khermaphroditus_Gitmo.Khermaphroditus_REF_PanRS_BWA.bam
2022-07-27 21:11:08,192 paleomix.nodegraph INFO [4/73] Finished calculating coverage for /scratch/waldirmbf/Outgroup_PaleoMix/Khermaphroditus_Gitmo/Khermaphroditus_REF_PanRS_BWA/Khermaphroditus_Gitmo_SAMPLE/Khermaphroditus_Gitmo_LIBRARY.rmdup.normal.bam
2022-07-27 21:11:08,293 paleomix.nodegraph INFO [5/73] Started merging coverage tables from 2 files in '/scratch/waldirmbf/Outgroup_PaleoMix/Khermaphroditus_Gitmo/Khermaphroditus_REF_PanRS_BWA/Khermaphroditus_Gitmo_SAMPLE'
2022-07-27 21:11:08,366 paleomix.nodegraph INFO [4/72] Finished merging coverage tables from 2 files in '/scratch/waldirmbf/Outgroup_PaleoMix/Khermaphroditus_Gitmo/Khermaphroditus_REF_PanRS_BWA/Khermaphroditus_Gitmo_SAMPLE'
2022-07-27 21:11:08,467 paleomix.nodegraph INFO [5/72] Started writing summary to /scratch/waldirmbf/Outgroup_PaleoMix/Khermaphroditus_Gitmo.summary
2022-07-27 21:11:08,724 paleomix.nodegraph INFO [4/71] Finished writing summary to /scratch/waldirmbf/Outgroup_PaleoMix/Khermaphroditus_Gitmo.summary
2022-07-27 21:20:39,117 paleomix.nodegraph INFO [3/70] Finished merging 2 file(s) into /scratch/waldirmbf/Outgroup_PaleoMix/Khermaphroditus_Gitmo.Khermaphroditus_REF_PanRS_BWA.bam
2022-07-27 21:20:39,339 paleomix.nodegraph INFO [4/70] Started creating BAI index for /scratch/waldirmbf/Outgroup_PaleoMix/Khermaphroditus_Gitmo.Khermaphroditus_REF_PanRS_BWA.bam
2022-07-27 21:21:48,160 paleomix.nodegraph INFO [3/69] Finished creating BAI index for /scratch/waldirmbf/Outgroup_PaleoMix/Khermaphroditus_Gitmo.Khermaphroditus_REF_PanRS_BWA.bam
2022-07-27 21:21:48,262 paleomix.nodegraph INFO [4/69] Started validating /scratch/waldirmbf/Outgroup_PaleoMix/Khermaphroditus_Gitmo.Khermaphroditus_REF_PanRS_BWA.bam
2022-07-27 21:32:02,802 paleomix.nodegraph INFO [3/68] Finished alignment of '/scratch/waldirmbf/Outgroup_PaleoMix/Kmarmoratus_RHL/reads/Kmarmoratus_RHL_SAMPLE/Kmarmoratus_RHL_LIBRARY/Kmarmoratus_RHL_LANE/SRR5489800_x.fastq.gz/reads.collapsed.gz' onto GCA_007896545.1_ASM789654v1_genomic.Edited using BWA mem (SE) using 5 threads
2022-07-27 21:32:02,903 paleomix.nodegraph INFO [4/68] Started validating /scratch/waldirmbf/Outgroup_PaleoMix/Kmarmoratus_RHL/Khermaphroditus_REF_PanRS_BWA/Kmarmoratus_RHL_SAMPLE/Kmarmoratus_RHL_LIBRARY/Kmarmoratus_RHL_LANE/SRR5489800_x.fastq.gz/collapsed.bam
2022-07-27 21:32:02,903 paleomix.nodegraph INFO [5/68] Started alignment of '/scratch/waldirmbf/Outgroup_PaleoMix/Kmarmoratus_RHL/reads/Kmarmoratus_RHL_SAMPLE/Kmarmoratus_RHL_LIBRARY/Kmarmoratus_RHL_LANE/SRR5489800_x.fastq.gz/reads.pair[12].truncated.gz' onto GCA_007896545.1_ASM789654v1_genomic.Edited using BWA mem (PE) using 5 threads
2022-07-27 21:32:26,432 paleomix.nodegraph INFO [4/67] Finished validating /scratch/waldirmbf/Outgroup_PaleoMix/Kmarmoratus_RHL/Khermaphroditus_REF_PanRS_BWA/Kmarmoratus_RHL_SAMPLE/Kmarmoratus_RHL_LIBRARY/Kmarmoratus_RHL_LANE/SRR5489800_x.fastq.gz/collapsed.bam
2022-07-27 21:32:26,533 paleomix.nodegraph INFO [5/67] Started filtering collapsed PCR duplicates in '/scratch/waldirmbf/Outgroup_PaleoMix/Kmarmoratus_RHL/Khermaphroditus_REF_PanRS_BWA/Kmarmoratus_RHL_SAMPLE/Kmarmoratus_RHL_LIBRARY/Kmarmoratus_RHL_LANE/SRR5489800_x.fastq.gz/collapsed.bam'
2022-07-27 21:32:26,534 paleomix.nodegraph INFO [6/67] Started calculating coverage for /scratch/waldirmbf/Outgroup_PaleoMix/Kmarmoratus_RHL/Khermaphroditus_REF_PanRS_BWA/Kmarmoratus_RHL_SAMPLE/Kmarmoratus_RHL_LIBRARY/Kmarmoratus_RHL_LANE/SRR5489800_x.fastq.gz/collapsed.bam
2022-07-27 21:32:35,555 paleomix.nodegraph INFO [5/66] Finished validating /scratch/waldirmbf/Outgroup_PaleoMix/Khermaphroditus_Gitmo.Khermaphroditus_REF_PanRS_BWA.bam
2022-07-27 21:32:35,656 paleomix.nodegraph INFO [6/66] Started calculating depth histogram for /scratch/waldirmbf/Outgroup_PaleoMix/Khermaphroditus_Gitmo.Khermaphroditus_REF_PanRS_BWA.bam
2022-07-27 21:33:06,405 paleomix.nodegraph INFO [5/65] Finished calculating coverage for /scratch/waldirmbf/Outgroup_PaleoMix/Kmarmoratus_RHL/Khermaphroditus_REF_PanRS_BWA/Kmarmoratus_RHL_SAMPLE/Kmarmoratus_RHL_LIBRARY/Kmarmoratus_RHL_LANE/SRR5489800_x.fastq.gz/collapsed.bam
2022-07-27 21:33:52,528 paleomix.nodegraph INFO [4/64] Finished filtering collapsed PCR duplicates in '/scratch/waldirmbf/Outgroup_PaleoMix/Kmarmoratus_RHL/Khermaphroditus_REF_PanRS_BWA/Kmarmoratus_RHL_SAMPLE/Kmarmoratus_RHL_LIBRARY/Kmarmoratus_RHL_LANE/SRR5489800_x.fastq.gz/collapsed.bam'
2022-07-27 21:33:52,630 paleomix.nodegraph INFO [5/64] Started validating /scratch/waldirmbf/Outgroup_PaleoMix/Kmarmoratus_RHL/Khermaphroditus_REF_PanRS_BWA/Kmarmoratus_RHL_SAMPLE/Kmarmoratus_RHL_LIBRARY.rmdup.collapsed.bam
2022-07-27 21:34:15,058 paleomix.nodegraph INFO [4/63] Finished validating /scratch/waldirmbf/Outgroup_PaleoMix/Kmarmoratus_RHL/Khermaphroditus_REF_PanRS_BWA/Kmarmoratus_RHL_SAMPLE/Kmarmoratus_RHL_LIBRARY.rmdup.collapsed.bam
2022-07-27 21:34:15,160 paleomix.nodegraph INFO [5/63] Started calculating coverage for /scratch/waldirmbf/Outgroup_PaleoMix/Kmarmoratus_RHL/Khermaphroditus_REF_PanRS_BWA/Kmarmoratus_RHL_SAMPLE/Kmarmoratus_RHL_LIBRARY.rmdup.collapsed.bam
2022-07-27 21:34:50,745 paleomix.nodegraph INFO [4/62] Finished calculating coverage for /scratch/waldirmbf/Outgroup_PaleoMix/Kmarmoratus_RHL/Khermaphroditus_REF_PanRS_BWA/Kmarmoratus_RHL_SAMPLE/Kmarmoratus_RHL_LIBRARY.rmdup.collapsed.bam
2022-07-27 21:52:30,985 paleomix.nodegraph INFO [3/61] Finished calculating depth histogram for /scratch/waldirmbf/Outgroup_PaleoMix/Khermaphroditus_Gitmo.Khermaphroditus_REF_PanRS_BWA.bam
2022-07-27 21:52:31,090 paleomix.nodegraph INFO [4/61] Started alignment of '/scratch/waldirmbf/Outgroup_PaleoMix/Kmarmoratus_RHL/reads/Kmarmoratus_RHL_SAMPLE/Kmarmoratus_RHL_LIBRARY/Kmarmoratus_RHL_LANE/SRR5489800_x.fastq.gz/reads.singleton.truncated.gz' onto GCA_007896545.1_ASM789654v1_genomic.Edited using BWA mem (SE) using 5 threads
2022-07-27 21:53:44,797 paleomix.nodegraph INFO [3/60] Finished alignment of '/scratch/waldirmbf/Outgroup_PaleoMix/Kmarmoratus_RHL/reads/Kmarmoratus_RHL_SAMPLE/Kmarmoratus_RHL_LIBRARY/Kmarmoratus_RHL_LANE/SRR5489800_x.fastq.gz/reads.singleton.truncated.gz' onto GCA_007896545.1_ASM789654v1_genomic.Edited using BWA mem (SE) using 5 threads
2022-07-27 21:53:44,915 paleomix.nodegraph INFO [4/60] Started validating /scratch/waldirmbf/Outgroup_PaleoMix/Kmarmoratus_RHL/Khermaphroditus_REF_PanRS_BWA/Kmarmoratus_RHL_SAMPLE/Kmarmoratus_RHL_LIBRARY/Kmarmoratus_RHL_LANE/SRR5489800_x.fastq.gz/singleton.bam
2022-07-27 21:53:50,242 paleomix.nodegraph INFO [3/59] Finished validating /scratch/waldirmbf/Outgroup_PaleoMix/Kmarmoratus_RHL/Khermaphroditus_REF_PanRS_BWA/Kmarmoratus_RHL_SAMPLE/Kmarmoratus_RHL_LIBRARY/Kmarmoratus_RHL_LANE/SRR5489800_x.fastq.gz/singleton.bam
2022-07-27 21:53:50,356 paleomix.nodegraph INFO [4/59] Started alignment of '/scratch/waldirmbf/Outgroup_PaleoMix/Kmarmoratus_RHL/reads/Kmarmoratus_RHL_SAMPLE/Kmarmoratus_RHL_LIBRARY/Kmarmoratus_RHL_LANE/SRR5489800_x.fastq.gz/reads.collapsed.truncated.gz' onto GCA_007896545.1_ASM789654v1_genomic.Edited using BWA mem (SE) using 5 threads
2022-07-27 21:54:03,809 paleomix.nodegraph INFO [3/58] Finished alignment of '/scratch/waldirmbf/Outgroup_PaleoMix/Kmarmoratus_RHL/reads/Kmarmoratus_RHL_SAMPLE/Kmarmoratus_RHL_LIBRARY/Kmarmoratus_RHL_LANE/SRR5489800_x.fastq.gz/reads.collapsed.truncated.gz' onto GCA_007896545.1_ASM789654v1_genomic.Edited using BWA mem (SE) using 5 threads
2022-07-27 21:54:03,910 paleomix.nodegraph INFO [4/58] Started calculating coverage for /scratch/waldirmbf/Outgroup_PaleoMix/Kmarmoratus_RHL/Khermaphroditus_REF_PanRS_BWA/Kmarmoratus_RHL_SAMPLE/Kmarmoratus_RHL_LIBRARY/Kmarmoratus_RHL_LANE/SRR5489800_x.fastq.gz/singleton.bam
2022-07-27 21:54:03,911 paleomix.nodegraph INFO [5/58] Started validating /scratch/waldirmbf/Outgroup_PaleoMix/Kmarmoratus_RHL/Khermaphroditus_REF_PanRS_BWA/Kmarmoratus_RHL_SAMPLE/Kmarmoratus_RHL_LIBRARY/Kmarmoratus_RHL_LANE/SRR5489800_x.fastq.gz/collapsedtruncated.bam
2022-07-27 21:54:05,348 paleomix.nodegraph INFO [4/57] Finished validating /scratch/waldirmbf/Outgroup_PaleoMix/Kmarmoratus_RHL/Khermaphroditus_REF_PanRS_BWA/Kmarmoratus_RHL_SAMPLE/Kmarmoratus_RHL_LIBRARY/Kmarmoratus_RHL_LANE/SRR5489800_x.fastq.gz/collapsedtruncated.bam
2022-07-27 21:54:05,449 paleomix.nodegraph INFO [5/57] Started calculating coverage for /scratch/waldirmbf/Outgroup_PaleoMix/Kmarmoratus_RHL/Khermaphroditus_REF_PanRS_BWA/Kmarmoratus_RHL_SAMPLE/Kmarmoratus_RHL_LIBRARY/Kmarmoratus_RHL_LANE/SRR5489800_x.fastq.gz/collapsedtruncated.bam
2022-07-27 21:54:06,096 paleomix.nodegraph INFO [4/56] Finished calculating coverage for /scratch/waldirmbf/Outgroup_PaleoMix/Kmarmoratus_RHL/Khermaphroditus_REF_PanRS_BWA/Kmarmoratus_RHL_SAMPLE/Kmarmoratus_RHL_LIBRARY/Kmarmoratus_RHL_LANE/SRR5489800_x.fastq.gz/collapsedtruncated.bam
2022-07-27 21:54:13,028 paleomix.nodegraph INFO [3/55] Finished calculating coverage for /scratch/waldirmbf/Outgroup_PaleoMix/Kmarmoratus_RHL/Khermaphroditus_REF_PanRS_BWA/Kmarmoratus_RHL_SAMPLE/Kmarmoratus_RHL_LIBRARY/Kmarmoratus_RHL_LANE/SRR5489800_x.fastq.gz/singleton.bam
2022-07-27 22:27:22,435 paleomix.nodegraph INFO [2/54] Finished alignment of '/scratch/waldirmbf/Outgroup_PaleoMix/Kmarmoratus_HON9/reads/Kmarmoratus_HON9_SAMPLE/Kmarmoratus_HON9_LIBRARY/Kmarmoratus_HON9_LANE/SRR5489795_x.fastq.gz/reads.pair[12].truncated.gz' onto GCA_007896545.1_ASM789654v1_genomic.Edited using BWA mem (PE) using 5 threads
2022-07-27 22:27:22,536 paleomix.nodegraph INFO [3/54] Started validating /scratch/waldirmbf/Outgroup_PaleoMix/Kmarmoratus_HON9/Khermaphroditus_REF_PanRS_BWA/Kmarmoratus_HON9_SAMPLE/Kmarmoratus_HON9_LIBRARY/Kmarmoratus_HON9_LANE/SRR5489795_x.fastq.gz/paired.bam
2022-07-27 22:35:24,127 paleomix.nodegraph INFO [2/53] Finished trimming PE adapters from '/scratch/waldirmbf/AdditionalGenomeSamples/RawFiles/SRR9139883_[12].fastq.gz'
2022-07-27 22:35:24,228 paleomix.nodegraph INFO [3/53] Started alignment of '/scratch/waldirmbf/Outgroup_PaleoMix/Khermaphroditus_REF_PanRS/reads/Khermaphroditus_REF_PanRS_SAMPLE/Khermaphroditus_REF_PanRS_LIBRARY/Khermaphroditus_REF_PanRS_LANE/SRR9139883_x.fastq.gz/reads.pair[12].truncated.gz' onto GCA_007896545.1_ASM789654v1_genomic.Edited using BWA mem (PE) using 5 threads
2022-07-27 22:35:24,229 paleomix.nodegraph INFO [4/53] Started alignment of '/scratch/waldirmbf/Outgroup_PaleoMix/Khermaphroditus_REF_PanRS/reads/Khermaphroditus_REF_PanRS_SAMPLE/Khermaphroditus_REF_PanRS_LIBRARY/Khermaphroditus_REF_PanRS_LANE/SRR9139883_x.fastq.gz/reads.collapsed.truncated.gz' onto GCA_007896545.1_ASM789654v1_genomic.Edited using BWA mem (SE) using 5 threads
2022-07-27 22:36:01,590 paleomix.nodegraph INFO [3/52] Finished alignment of '/scratch/waldirmbf/Outgroup_PaleoMix/Khermaphroditus_REF_PanRS/reads/Khermaphroditus_REF_PanRS_SAMPLE/Khermaphroditus_REF_PanRS_LIBRARY/Khermaphroditus_REF_PanRS_LANE/SRR9139883_x.fastq.gz/reads.collapsed.truncated.gz' onto GCA_007896545.1_ASM789654v1_genomic.Edited using BWA mem (SE) using 5 threads
2022-07-27 22:36:01,691 paleomix.nodegraph INFO [4/52] Started validating /scratch/waldirmbf/Outgroup_PaleoMix/Khermaphroditus_REF_PanRS/Khermaphroditus_REF_PanRS_BWA/Khermaphroditus_REF_PanRS_SAMPLE/Khermaphroditus_REF_PanRS_LIBRARY/Khermaphroditus_REF_PanRS_LANE/SRR9139883_x.fastq.gz/collapsedtruncated.bam
2022-07-27 22:36:01,692 paleomix.nodegraph INFO [5/52] Started alignment of '/scratch/waldirmbf/Outgroup_PaleoMix/Khermaphroditus_REF_PanRS/reads/Khermaphroditus_REF_PanRS_SAMPLE/Khermaphroditus_REF_PanRS_LIBRARY/Khermaphroditus_REF_PanRS_LANE/SRR9139883_x.fastq.gz/reads.singleton.truncated.gz' onto GCA_007896545.1_ASM789654v1_genomic.Edited using BWA mem (SE) using 5 threads
2022-07-27 22:36:04,856 paleomix.nodegraph INFO [4/51] Finished validating /scratch/waldirmbf/Outgroup_PaleoMix/Khermaphroditus_REF_PanRS/Khermaphroditus_REF_PanRS_BWA/Khermaphroditus_REF_PanRS_SAMPLE/Khermaphroditus_REF_PanRS_LIBRARY/Khermaphroditus_REF_PanRS_LANE/SRR9139883_x.fastq.gz/collapsedtruncated.bam
2022-07-27 22:36:04,957 paleomix.nodegraph INFO [5/51] Started calculating coverage for /scratch/waldirmbf/Outgroup_PaleoMix/Khermaphroditus_REF_PanRS/Khermaphroditus_REF_PanRS_BWA/Khermaphroditus_REF_PanRS_SAMPLE/Khermaphroditus_REF_PanRS_LIBRARY/Khermaphroditus_REF_PanRS_LANE/SRR9139883_x.fastq.gz/collapsedtruncated.bam
2022-07-27 22:36:07,074 paleomix.nodegraph INFO [4/50] Finished calculating coverage for /scratch/waldirmbf/Outgroup_PaleoMix/Khermaphroditus_REF_PanRS/Khermaphroditus_REF_PanRS_BWA/Khermaphroditus_REF_PanRS_SAMPLE/Khermaphroditus_REF_PanRS_LIBRARY/Khermaphroditus_REF_PanRS_LANE/SRR9139883_x.fastq.gz/collapsedtruncated.bam
2022-07-27 22:36:11,938 paleomix.nodegraph INFO [3/49] Finished alignment of '/scratch/waldirmbf/Outgroup_PaleoMix/Khermaphroditus_REF_PanRS/reads/Khermaphroditus_REF_PanRS_SAMPLE/Khermaphroditus_REF_PanRS_LIBRARY/Khermaphroditus_REF_PanRS_LANE/SRR9139883_x.fastq.gz/reads.singleton.truncated.gz' onto GCA_007896545.1_ASM789654v1_genomic.Edited using BWA mem (SE) using 5 threads
2022-07-27 22:36:12,039 paleomix.nodegraph INFO [4/49] Started validating /scratch/waldirmbf/Outgroup_PaleoMix/Khermaphroditus_REF_PanRS/Khermaphroditus_REF_PanRS_BWA/Khermaphroditus_REF_PanRS_SAMPLE/Khermaphroditus_REF_PanRS_LIBRARY/Khermaphroditus_REF_PanRS_LANE/SRR9139883_x.fastq.gz/singleton.bam
2022-07-27 22:36:12,040 paleomix.nodegraph INFO [5/49] Started alignment of '/scratch/waldirmbf/Outgroup_PaleoMix/Khermaphroditus_REF_PanRS/reads/Khermaphroditus_REF_PanRS_SAMPLE/Khermaphroditus_REF_PanRS_LIBRARY/Khermaphroditus_REF_PanRS_LANE/SRR9139883_x.fastq.gz/reads.collapsed.gz' onto GCA_007896545.1_ASM789654v1_genomic.Edited using BWA mem (SE) using 5 threads
2022-07-27 22:36:13,622 paleomix.nodegraph INFO [4/48] Finished validating /scratch/waldirmbf/Outgroup_PaleoMix/Khermaphroditus_REF_PanRS/Khermaphroditus_REF_PanRS_BWA/Khermaphroditus_REF_PanRS_SAMPLE/Khermaphroditus_REF_PanRS_LIBRARY/Khermaphroditus_REF_PanRS_LANE/SRR9139883_x.fastq.gz/singleton.bam
2022-07-27 22:36:13,723 paleomix.nodegraph INFO [5/48] Started calculating coverage for /scratch/waldirmbf/Outgroup_PaleoMix/Khermaphroditus_REF_PanRS/Khermaphroditus_REF_PanRS_BWA/Khermaphroditus_REF_PanRS_SAMPLE/Khermaphroditus_REF_PanRS_LIBRARY/Khermaphroditus_REF_PanRS_LANE/SRR9139883_x.fastq.gz/singleton.bam
2022-07-27 22:36:14,887 paleomix.nodegraph INFO [4/47] Finished calculating coverage for /scratch/waldirmbf/Outgroup_PaleoMix/Khermaphroditus_REF_PanRS/Khermaphroditus_REF_PanRS_BWA/Khermaphroditus_REF_PanRS_SAMPLE/Khermaphroditus_REF_PanRS_LIBRARY/Khermaphroditus_REF_PanRS_LANE/SRR9139883_x.fastq.gz/singleton.bam
2022-07-27 22:57:07,462 paleomix.nodegraph INFO [3/46] Finished validating /scratch/waldirmbf/Outgroup_PaleoMix/Kmarmoratus_HON9/Khermaphroditus_REF_PanRS_BWA/Kmarmoratus_HON9_SAMPLE/Kmarmoratus_HON9_LIBRARY/Kmarmoratus_HON9_LANE/SRR5489795_x.fastq.gz/paired.bam
2022-07-27 22:57:07,570 paleomix.nodegraph INFO [4/46] Started calculating coverage for /scratch/waldirmbf/Outgroup_PaleoMix/Kmarmoratus_HON9/Khermaphroditus_REF_PanRS_BWA/Kmarmoratus_HON9_SAMPLE/Kmarmoratus_HON9_LIBRARY/Kmarmoratus_HON9_LANE/SRR5489795_x.fastq.gz/paired.bam
2022-07-27 22:57:07,571 paleomix.nodegraph INFO [5/46] Started detecting PCR duplicates in 3 files in '/scratch/waldirmbf/Outgroup_PaleoMix/Kmarmoratus_HON9/Khermaphroditus_REF_PanRS_BWA/Kmarmoratus_HON9_SAMPLE/Kmarmoratus_HON9_LIBRARY/Kmarmoratus_HON9_LANE/SRR5489795_x.fastq.gz'
2022-07-27 23:33:37,470 paleomix.nodegraph INFO [4/45] Finished calculating coverage for /scratch/waldirmbf/Outgroup_PaleoMix/Kmarmoratus_HON9/Khermaphroditus_REF_PanRS_BWA/Kmarmoratus_HON9_SAMPLE/Kmarmoratus_HON9_LIBRARY/Kmarmoratus_HON9_LANE/SRR5489795_x.fastq.gz/paired.bam
2022-07-27 23:40:27,434 paleomix.nodegraph INFO [3/44] Finished alignment of '/scratch/waldirmbf/Outgroup_PaleoMix/Khermaphroditus_REF_PanRS/reads/Khermaphroditus_REF_PanRS_SAMPLE/Khermaphroditus_REF_PanRS_LIBRARY/Khermaphroditus_REF_PanRS_LANE/SRR9139883_x.fastq.gz/reads.pair[12].truncated.gz' onto GCA_007896545.1_ASM789654v1_genomic.Edited using BWA mem (PE) using 5 threads
2022-07-27 23:40:27,535 paleomix.nodegraph INFO [4/44] Started validating /scratch/waldirmbf/Outgroup_PaleoMix/Khermaphroditus_REF_PanRS/Khermaphroditus_REF_PanRS_BWA/Khermaphroditus_REF_PanRS_SAMPLE/Khermaphroditus_REF_PanRS_LIBRARY/Khermaphroditus_REF_PanRS_LANE/SRR9139883_x.fastq.gz/paired.bam
2022-07-27 23:52:50,187 paleomix.nodegraph INFO [3/43] Finished validating /scratch/waldirmbf/Outgroup_PaleoMix/Khermaphroditus_REF_PanRS/Khermaphroditus_REF_PanRS_BWA/Khermaphroditus_REF_PanRS_SAMPLE/Khermaphroditus_REF_PanRS_LIBRARY/Khermaphroditus_REF_PanRS_LANE/SRR9139883_x.fastq.gz/paired.bam
2022-07-27 23:52:50,289 paleomix.nodegraph INFO [4/43] Started calculating coverage for /scratch/waldirmbf/Outgroup_PaleoMix/Khermaphroditus_REF_PanRS/Khermaphroditus_REF_PanRS_BWA/Khermaphroditus_REF_PanRS_SAMPLE/Khermaphroditus_REF_PanRS_LIBRARY/Khermaphroditus_REF_PanRS_LANE/SRR9139883_x.fastq.gz/paired.bam
2022-07-27 23:52:50,290 paleomix.nodegraph INFO [5/43] Started detecting PCR duplicates in 3 files in '/scratch/waldirmbf/Outgroup_PaleoMix/Khermaphroditus_REF_PanRS/Khermaphroditus_REF_PanRS_BWA/Khermaphroditus_REF_PanRS_SAMPLE/Khermaphroditus_REF_PanRS_LIBRARY/Khermaphroditus_REF_PanRS_LANE/SRR9139883_x.fastq.gz'
2022-07-27 23:54:58,544 paleomix.nodegraph INFO [4/42] Finished calculating coverage for /scratch/waldirmbf/Outgroup_PaleoMix/Khermaphroditus_REF_PanRS/Khermaphroditus_REF_PanRS_BWA/Khermaphroditus_REF_PanRS_SAMPLE/Khermaphroditus_REF_PanRS_LIBRARY/Khermaphroditus_REF_PanRS_LANE/SRR9139883_x.fastq.gz/paired.bam
2022-07-28 00:01:46,303 paleomix.nodegraph INFO [3/41] Finished alignment of '/scratch/waldirmbf/Outgroup_PaleoMix/Kmarmoratus_RHL/reads/Kmarmoratus_RHL_SAMPLE/Kmarmoratus_RHL_LIBRARY/Kmarmoratus_RHL_LANE/SRR5489800_x.fastq.gz/reads.pair[12].truncated.gz' onto GCA_007896545.1_ASM789654v1_genomic.Edited using BWA mem (PE) using 5 threads
2022-07-28 00:01:46,404 paleomix.nodegraph INFO [4/41] Started validating /scratch/waldirmbf/Outgroup_PaleoMix/Kmarmoratus_RHL/Khermaphroditus_REF_PanRS_BWA/Kmarmoratus_RHL_SAMPLE/Kmarmoratus_RHL_LIBRARY/Kmarmoratus_RHL_LANE/SRR5489800_x.fastq.gz/paired.bam
2022-07-28 00:03:36,322 paleomix.nodegraph INFO [3/40] Finished detecting PCR duplicates in 3 files in '/scratch/waldirmbf/Outgroup_PaleoMix/Khermaphroditus_REF_PanRS/Khermaphroditus_REF_PanRS_BWA/Khermaphroditus_REF_PanRS_SAMPLE/Khermaphroditus_REF_PanRS_LIBRARY/Khermaphroditus_REF_PanRS_LANE/SRR9139883_x.fastq.gz'
2022-07-28 00:03:36,424 paleomix.nodegraph INFO [4/40] Started validating /scratch/waldirmbf/Outgroup_PaleoMix/Khermaphroditus_REF_PanRS/Khermaphroditus_REF_PanRS_BWA/Khermaphroditus_REF_PanRS_SAMPLE/Khermaphroditus_REF_PanRS_LIBRARY.rmdup.normal.bam
2022-07-28 00:09:50,384 paleomix.nodegraph INFO [3/39] Finished validating /scratch/waldirmbf/Outgroup_PaleoMix/Khermaphroditus_REF_PanRS/Khermaphroditus_REF_PanRS_BWA/Khermaphroditus_REF_PanRS_SAMPLE/Khermaphroditus_REF_PanRS_LIBRARY.rmdup.normal.bam
2022-07-28 00:09:50,531 paleomix.nodegraph INFO [4/39] Started calculating coverage for /scratch/waldirmbf/Outgroup_PaleoMix/Khermaphroditus_REF_PanRS/Khermaphroditus_REF_PanRS_BWA/Khermaphroditus_REF_PanRS_SAMPLE/Khermaphroditus_REF_PanRS_LIBRARY.rmdup.normal.bam
2022-07-28 00:11:46,589 paleomix.nodegraph INFO [3/38] Finished calculating coverage for /scratch/waldirmbf/Outgroup_PaleoMix/Khermaphroditus_REF_PanRS/Khermaphroditus_REF_PanRS_BWA/Khermaphroditus_REF_PanRS_SAMPLE/Khermaphroditus_REF_PanRS_LIBRARY.rmdup.normal.bam
2022-07-28 00:20:36,308 paleomix.nodegraph INFO [2/37] Finished detecting PCR duplicates in 3 files in '/scratch/waldirmbf/Outgroup_PaleoMix/Kmarmoratus_HON9/Khermaphroditus_REF_PanRS_BWA/Kmarmoratus_HON9_SAMPLE/Kmarmoratus_HON9_LIBRARY/Kmarmoratus_HON9_LANE/SRR5489795_x.fastq.gz'
2022-07-28 00:20:36,410 paleomix.nodegraph INFO [3/37] Started validating /scratch/waldirmbf/Outgroup_PaleoMix/Kmarmoratus_HON9/Khermaphroditus_REF_PanRS_BWA/Kmarmoratus_HON9_SAMPLE/Kmarmoratus_HON9_LIBRARY.rmdup.normal.bam
2022-07-28 00:23:28,330 paleomix.nodegraph INFO [2/36] Finished validating /scratch/waldirmbf/Outgroup_PaleoMix/Kmarmoratus_RHL/Khermaphroditus_REF_PanRS_BWA/Kmarmoratus_RHL_SAMPLE/Kmarmoratus_RHL_LIBRARY/Kmarmoratus_RHL_LANE/SRR5489800_x.fastq.gz/paired.bam
2022-07-28 00:23:28,443 paleomix.nodegraph INFO [3/36] Started detecting PCR duplicates in 3 files in '/scratch/waldirmbf/Outgroup_PaleoMix/Kmarmoratus_RHL/Khermaphroditus_REF_PanRS_BWA/Kmarmoratus_RHL_SAMPLE/Kmarmoratus_RHL_LIBRARY/Kmarmoratus_RHL_LANE/SRR5489800_x.fastq.gz'
2022-07-28 00:23:28,444 paleomix.nodegraph INFO [4/36] Started calculating coverage for /scratch/waldirmbf/Outgroup_PaleoMix/Kmarmoratus_RHL/Khermaphroditus_REF_PanRS_BWA/Kmarmoratus_RHL_SAMPLE/Kmarmoratus_RHL_LIBRARY/Kmarmoratus_RHL_LANE/SRR5489800_x.fastq.gz/paired.bam
2022-07-28 00:48:28,758 paleomix.nodegraph INFO [3/35] Finished validating /scratch/waldirmbf/Outgroup_PaleoMix/Kmarmoratus_HON9/Khermaphroditus_REF_PanRS_BWA/Kmarmoratus_HON9_SAMPLE/Kmarmoratus_HON9_LIBRARY.rmdup.normal.bam
2022-07-28 00:48:28,872 paleomix.nodegraph INFO [4/35] Started detecting duplicate input in 2 files in '/scratch/waldirmbf/Outgroup_PaleoMix/Kmarmoratus_HON9/Khermaphroditus_REF_PanRS_BWA/Kmarmoratus_HON9_SAMPLE'
2022-07-28 00:48:28,872 paleomix.nodegraph INFO [5/35] Started calculating coverage for /scratch/waldirmbf/Outgroup_PaleoMix/Kmarmoratus_HON9/Khermaphroditus_REF_PanRS_BWA/Kmarmoratus_HON9_SAMPLE/Kmarmoratus_HON9_LIBRARY.rmdup.normal.bam
2022-07-28 00:48:28,873 paleomix.nodegraph INFO [6/35] Started detecting duplicate input in 2 files in '/scratch/waldirmbf/Outgroup_PaleoMix/Kmarmoratus_HON9/Khermaphroditus_REF_PanRS_BWA/Kmarmoratus_HON9_SAMPLE'
2022-07-28 00:49:43,286 paleomix.nodegraph INFO [5/34] Finished calculating coverage for /scratch/waldirmbf/Outgroup_PaleoMix/Kmarmoratus_RHL/Khermaphroditus_REF_PanRS_BWA/Kmarmoratus_RHL_SAMPLE/Kmarmoratus_RHL_LIBRARY/Kmarmoratus_RHL_LANE/SRR5489800_x.fastq.gz/paired.bam
2022-07-28 01:06:13,929 paleomix.nodegraph INFO [4/33] Finished detecting duplicate input in 2 files in '/scratch/waldirmbf/Outgroup_PaleoMix/Kmarmoratus_HON9/Khermaphroditus_REF_PanRS_BWA/Kmarmoratus_HON9_SAMPLE'
2022-07-28 01:06:14,030 paleomix.nodegraph INFO [5/33] Started merging 2 file(s) into /scratch/waldirmbf/Outgroup_PaleoMix/Kmarmoratus_HON9.Khermaphroditus_REF_PanRS_BWA.bam
2022-07-28 01:06:39,690 paleomix.nodegraph INFO [4/32] Finished detecting duplicate input in 2 files in '/scratch/waldirmbf/Outgroup_PaleoMix/Kmarmoratus_HON9/Khermaphroditus_REF_PanRS_BWA/Kmarmoratus_HON9_SAMPLE'
2022-07-28 01:21:28,767 paleomix.nodegraph INFO [3/31] Finished detecting PCR duplicates in 3 files in '/scratch/waldirmbf/Outgroup_PaleoMix/Kmarmoratus_RHL/Khermaphroditus_REF_PanRS_BWA/Kmarmoratus_RHL_SAMPLE/Kmarmoratus_RHL_LIBRARY/Kmarmoratus_RHL_LANE/SRR5489800_x.fastq.gz'
2022-07-28 01:21:28,868 paleomix.nodegraph INFO [4/31] Started validating /scratch/waldirmbf/Outgroup_PaleoMix/Kmarmoratus_RHL/Khermaphroditus_REF_PanRS_BWA/Kmarmoratus_RHL_SAMPLE/Kmarmoratus_RHL_LIBRARY.rmdup.normal.bam
2022-07-28 01:27:07,913 paleomix.nodegraph INFO [3/30] Finished calculating coverage for /scratch/waldirmbf/Outgroup_PaleoMix/Kmarmoratus_HON9/Khermaphroditus_REF_PanRS_BWA/Kmarmoratus_HON9_SAMPLE/Kmarmoratus_HON9_LIBRARY.rmdup.normal.bam
2022-07-28 01:27:08,385 paleomix.nodegraph INFO [4/30] Started merging coverage tables from 2 files in '/scratch/waldirmbf/Outgroup_PaleoMix/Kmarmoratus_HON9/Khermaphroditus_REF_PanRS_BWA/Kmarmoratus_HON9_SAMPLE'
2022-07-28 01:27:08,594 paleomix.nodegraph INFO [3/29] Finished merging coverage tables from 2 files in '/scratch/waldirmbf/Outgroup_PaleoMix/Kmarmoratus_HON9/Khermaphroditus_REF_PanRS_BWA/Kmarmoratus_HON9_SAMPLE'
2022-07-28 01:27:08,699 paleomix.nodegraph INFO [4/29] Started writing summary to /scratch/waldirmbf/Outgroup_PaleoMix/Kmarmoratus_HON9.summary
2022-07-28 01:27:09,173 paleomix.nodegraph INFO [3/28] Finished writing summary to /scratch/waldirmbf/Outgroup_PaleoMix/Kmarmoratus_HON9.summary
2022-07-28 01:40:24,689 paleomix.nodegraph INFO [2/27] Finished validating /scratch/waldirmbf/Outgroup_PaleoMix/Kmarmoratus_RHL/Khermaphroditus_REF_PanRS_BWA/Kmarmoratus_RHL_SAMPLE/Kmarmoratus_RHL_LIBRARY.rmdup.normal.bam
2022-07-28 01:40:24,791 paleomix.nodegraph INFO [3/27] Started detecting duplicate input in 2 files in '/scratch/waldirmbf/Outgroup_PaleoMix/Kmarmoratus_RHL/Khermaphroditus_REF_PanRS_BWA/Kmarmoratus_RHL_SAMPLE'
2022-07-28 01:40:24,792 paleomix.nodegraph INFO [4/27] Started detecting duplicate input in 2 files in '/scratch/waldirmbf/Outgroup_PaleoMix/Kmarmoratus_RHL/Khermaphroditus_REF_PanRS_BWA/Kmarmoratus_RHL_SAMPLE'
2022-07-28 01:40:24,792 paleomix.nodegraph INFO [5/27] Started calculating coverage for /scratch/waldirmbf/Outgroup_PaleoMix/Kmarmoratus_RHL/Khermaphroditus_REF_PanRS_BWA/Kmarmoratus_RHL_SAMPLE/Kmarmoratus_RHL_LIBRARY.rmdup.normal.bam
2022-07-28 01:52:16,830 paleomix.nodegraph INFO [4/26] Finished detecting duplicate input in 2 files in '/scratch/waldirmbf/Outgroup_PaleoMix/Kmarmoratus_RHL/Khermaphroditus_REF_PanRS_BWA/Kmarmoratus_RHL_SAMPLE'
2022-07-28 01:52:24,618 paleomix.nodegraph INFO [3/25] Finished detecting duplicate input in 2 files in '/scratch/waldirmbf/Outgroup_PaleoMix/Kmarmoratus_RHL/Khermaphroditus_REF_PanRS_BWA/Kmarmoratus_RHL_SAMPLE'
2022-07-28 01:52:24,719 paleomix.nodegraph INFO [4/25] Started merging 2 file(s) into /scratch/waldirmbf/Outgroup_PaleoMix/Kmarmoratus_RHL.Khermaphroditus_REF_PanRS_BWA.bam
2022-07-28 01:58:49,470 paleomix.nodegraph INFO [3/24] Finished merging 2 file(s) into /scratch/waldirmbf/Outgroup_PaleoMix/Kmarmoratus_HON9.Khermaphroditus_REF_PanRS_BWA.bam
2022-07-28 01:58:49,591 paleomix.nodegraph INFO [4/24] Started creating BAI index for /scratch/waldirmbf/Outgroup_PaleoMix/Kmarmoratus_HON9.Khermaphroditus_REF_PanRS_BWA.bam
2022-07-28 02:04:00,525 paleomix.nodegraph INFO [3/23] Finished creating BAI index for /scratch/waldirmbf/Outgroup_PaleoMix/Kmarmoratus_HON9.Khermaphroditus_REF_PanRS_BWA.bam
2022-07-28 02:04:00,626 paleomix.nodegraph INFO [4/23] Started validating /scratch/waldirmbf/Outgroup_PaleoMix/Kmarmoratus_HON9.Khermaphroditus_REF_PanRS_BWA.bam
2022-07-28 02:05:37,982 paleomix.nodegraph INFO [3/22] Finished calculating coverage for /scratch/waldirmbf/Outgroup_PaleoMix/Kmarmoratus_RHL/Khermaphroditus_REF_PanRS_BWA/Kmarmoratus_RHL_SAMPLE/Kmarmoratus_RHL_LIBRARY.rmdup.normal.bam
2022-07-28 02:05:38,083 paleomix.nodegraph INFO [4/22] Started merging coverage tables from 2 files in '/scratch/waldirmbf/Outgroup_PaleoMix/Kmarmoratus_RHL/Khermaphroditus_REF_PanRS_BWA/Kmarmoratus_RHL_SAMPLE'
2022-07-28 02:05:38,165 paleomix.nodegraph INFO [3/21] Finished merging coverage tables from 2 files in '/scratch/waldirmbf/Outgroup_PaleoMix/Kmarmoratus_RHL/Khermaphroditus_REF_PanRS_BWA/Kmarmoratus_RHL_SAMPLE'
2022-07-28 02:05:38,266 paleomix.nodegraph INFO [4/21] Started writing summary to /scratch/waldirmbf/Outgroup_PaleoMix/Kmarmoratus_RHL.summary
2022-07-28 02:05:38,680 paleomix.nodegraph INFO [3/20] Finished writing summary to /scratch/waldirmbf/Outgroup_PaleoMix/Kmarmoratus_RHL.summary
2022-07-28 02:26:51,988 paleomix.nodegraph INFO [2/19] Finished merging 2 file(s) into /scratch/waldirmbf/Outgroup_PaleoMix/Kmarmoratus_RHL.Khermaphroditus_REF_PanRS_BWA.bam
2022-07-28 02:26:52,116 paleomix.nodegraph INFO [3/19] Started creating BAI index for /scratch/waldirmbf/Outgroup_PaleoMix/Kmarmoratus_RHL.Khermaphroditus_REF_PanRS_BWA.bam
2022-07-28 02:30:02,483 paleomix.nodegraph INFO [2/18] Finished creating BAI index for /scratch/waldirmbf/Outgroup_PaleoMix/Kmarmoratus_RHL.Khermaphroditus_REF_PanRS_BWA.bam
2022-07-28 02:30:02,585 paleomix.nodegraph INFO [3/18] Started validating /scratch/waldirmbf/Outgroup_PaleoMix/Kmarmoratus_RHL.Khermaphroditus_REF_PanRS_BWA.bam
2022-07-28 02:32:11,410 paleomix.nodegraph INFO [2/17] Finished validating /scratch/waldirmbf/Outgroup_PaleoMix/Kmarmoratus_HON9.Khermaphroditus_REF_PanRS_BWA.bam
2022-07-28 02:32:11,511 paleomix.nodegraph INFO [3/17] Started calculating depth histogram for /scratch/waldirmbf/Outgroup_PaleoMix/Kmarmoratus_HON9.Khermaphroditus_REF_PanRS_BWA.bam
2022-07-28 02:46:08,413 paleomix.nodegraph INFO [2/16] Finished validating /scratch/waldirmbf/Outgroup_PaleoMix/Kmarmoratus_RHL.Khermaphroditus_REF_PanRS_BWA.bam
2022-07-28 02:46:08,514 paleomix.nodegraph INFO [3/16] Started calculating depth histogram for /scratch/waldirmbf/Outgroup_PaleoMix/Kmarmoratus_RHL.Khermaphroditus_REF_PanRS_BWA.bam
2022-07-28 03:35:27,205 paleomix.nodegraph INFO [2/15] Finished calculating depth histogram for /scratch/waldirmbf/Outgroup_PaleoMix/Kmarmoratus_RHL.Khermaphroditus_REF_PanRS_BWA.bam
2022-07-28 03:47:08,343 paleomix.nodegraph INFO [1/14] Finished calculating depth histogram for /scratch/waldirmbf/Outgroup_PaleoMix/Kmarmoratus_HON9.Khermaphroditus_REF_PanRS_BWA.bam
2022-07-28 06:35:36,715 paleomix.nodegraph INFO [0/13] Finished alignment of '/scratch/waldirmbf/Outgroup_PaleoMix/Khermaphroditus_REF_PanRS/reads/Khermaphroditus_REF_PanRS_SAMPLE/Khermaphroditus_REF_PanRS_LIBRARY/Khermaphroditus_REF_PanRS_LANE/SRR9139883_x.fastq.gz/reads.collapsed.gz' onto GCA_007896545.1_ASM789654v1_genomic.Edited using BWA mem (SE) using 5 threads
2022-07-28 06:35:36,745 paleomix.nodegraph INFO [1/13] Started validating /scratch/waldirmbf/Outgroup_PaleoMix/Khermaphroditus_REF_PanRS/Khermaphroditus_REF_PanRS_BWA/Khermaphroditus_REF_PanRS_SAMPLE/Khermaphroditus_REF_PanRS_LIBRARY/Khermaphroditus_REF_PanRS_LANE/SRR9139883_x.fastq.gz/collapsed.bam
2022-07-28 06:59:36,414 paleomix.nodegraph INFO [0/12] Finished validating /scratch/waldirmbf/Outgroup_PaleoMix/Khermaphroditus_REF_PanRS/Khermaphroditus_REF_PanRS_BWA/Khermaphroditus_REF_PanRS_SAMPLE/Khermaphroditus_REF_PanRS_LIBRARY/Khermaphroditus_REF_PanRS_LANE/SRR9139883_x.fastq.gz/collapsed.bam
2022-07-28 06:59:36,440 paleomix.nodegraph INFO [1/12] Started calculating coverage for /scratch/waldirmbf/Outgroup_PaleoMix/Khermaphroditus_REF_PanRS/Khermaphroditus_REF_PanRS_BWA/Khermaphroditus_REF_PanRS_SAMPLE/Khermaphroditus_REF_PanRS_LIBRARY/Khermaphroditus_REF_PanRS_LANE/SRR9139883_x.fastq.gz/collapsed.bam
2022-07-28 06:59:36,441 paleomix.nodegraph INFO [2/12] Started filtering collapsed PCR duplicates in '/scratch/waldirmbf/Outgroup_PaleoMix/Khermaphroditus_REF_PanRS/Khermaphroditus_REF_PanRS_BWA/Khermaphroditus_REF_PanRS_SAMPLE/Khermaphroditus_REF_PanRS_LIBRARY/Khermaphroditus_REF_PanRS_LANE/SRR9139883_x.fastq.gz/collapsed.bam'
2022-07-28 07:26:54,325 paleomix.nodegraph INFO [1/11] Finished calculating coverage for /scratch/waldirmbf/Outgroup_PaleoMix/Khermaphroditus_REF_PanRS/Khermaphroditus_REF_PanRS_BWA/Khermaphroditus_REF_PanRS_SAMPLE/Khermaphroditus_REF_PanRS_LIBRARY/Khermaphroditus_REF_PanRS_LANE/SRR9139883_x.fastq.gz/collapsed.bam
2022-07-28 08:46:39,035 paleomix.nodegraph INFO [0/10] Finished filtering collapsed PCR duplicates in '/scratch/waldirmbf/Outgroup_PaleoMix/Khermaphroditus_REF_PanRS/Khermaphroditus_REF_PanRS_BWA/Khermaphroditus_REF_PanRS_SAMPLE/Khermaphroditus_REF_PanRS_LIBRARY/Khermaphroditus_REF_PanRS_LANE/SRR9139883_x.fastq.gz/collapsed.bam'
2022-07-28 08:46:39,037 paleomix.nodegraph INFO [1/10] Started validating /scratch/waldirmbf/Outgroup_PaleoMix/Khermaphroditus_REF_PanRS/Khermaphroditus_REF_PanRS_BWA/Khermaphroditus_REF_PanRS_SAMPLE/Khermaphroditus_REF_PanRS_LIBRARY.rmdup.collapsed.bam
2022-07-28 09:07:34,033 paleomix.nodegraph INFO [0/9] Finished validating /scratch/waldirmbf/Outgroup_PaleoMix/Khermaphroditus_REF_PanRS/Khermaphroditus_REF_PanRS_BWA/Khermaphroditus_REF_PanRS_SAMPLE/Khermaphroditus_REF_PanRS_LIBRARY.rmdup.collapsed.bam
2022-07-28 09:07:34,035 paleomix.nodegraph INFO [1/9] Started detecting duplicate input in 2 files in '/scratch/waldirmbf/Outgroup_PaleoMix/Khermaphroditus_REF_PanRS/Khermaphroditus_REF_PanRS_BWA/Khermaphroditus_REF_PanRS_SAMPLE'
2022-07-28 09:07:34,035 paleomix.nodegraph INFO [2/9] Started calculating coverage for /scratch/waldirmbf/Outgroup_PaleoMix/Khermaphroditus_REF_PanRS/Khermaphroditus_REF_PanRS_BWA/Khermaphroditus_REF_PanRS_SAMPLE/Khermaphroditus_REF_PanRS_LIBRARY.rmdup.collapsed.bam
2022-07-28 09:07:34,035 paleomix.nodegraph INFO [3/9] Started detecting duplicate input in 2 files in '/scratch/waldirmbf/Outgroup_PaleoMix/Khermaphroditus_REF_PanRS/Khermaphroditus_REF_PanRS_BWA/Khermaphroditus_REF_PanRS_SAMPLE'
2022-07-28 09:20:58,725 paleomix.nodegraph INFO [2/8] Finished detecting duplicate input in 2 files in '/scratch/waldirmbf/Outgroup_PaleoMix/Khermaphroditus_REF_PanRS/Khermaphroditus_REF_PanRS_BWA/Khermaphroditus_REF_PanRS_SAMPLE'
2022-07-28 09:20:58,826 paleomix.nodegraph INFO [3/8] Started merging 2 file(s) into /scratch/waldirmbf/Outgroup_PaleoMix/Khermaphroditus_REF_PanRS.Khermaphroditus_REF_PanRS_BWA.bam
2022-07-28 09:21:06,969 paleomix.nodegraph INFO [2/7] Finished detecting duplicate input in 2 files in '/scratch/waldirmbf/Outgroup_PaleoMix/Khermaphroditus_REF_PanRS/Khermaphroditus_REF_PanRS_BWA/Khermaphroditus_REF_PanRS_SAMPLE'
2022-07-28 09:30:12,390 paleomix.nodegraph INFO [1/6] Finished calculating coverage for /scratch/waldirmbf/Outgroup_PaleoMix/Khermaphroditus_REF_PanRS/Khermaphroditus_REF_PanRS_BWA/Khermaphroditus_REF_PanRS_SAMPLE/Khermaphroditus_REF_PanRS_LIBRARY.rmdup.collapsed.bam
2022-07-28 09:30:12,491 paleomix.nodegraph INFO [2/6] Started merging coverage tables from 2 files in '/scratch/waldirmbf/Outgroup_PaleoMix/Khermaphroditus_REF_PanRS/Khermaphroditus_REF_PanRS_BWA/Khermaphroditus_REF_PanRS_SAMPLE'
2022-07-28 09:30:12,573 paleomix.nodegraph INFO [1/5] Finished merging coverage tables from 2 files in '/scratch/waldirmbf/Outgroup_PaleoMix/Khermaphroditus_REF_PanRS/Khermaphroditus_REF_PanRS_BWA/Khermaphroditus_REF_PanRS_SAMPLE'
2022-07-28 09:30:12,674 paleomix.nodegraph INFO [2/5] Started writing summary to /scratch/waldirmbf/Outgroup_PaleoMix/Khermaphroditus_REF_PanRS.summary
2022-07-28 09:30:13,161 paleomix.nodegraph INFO [1/4] Finished writing summary to /scratch/waldirmbf/Outgroup_PaleoMix/Khermaphroditus_REF_PanRS.summary
2022-07-28 10:22:35,604 paleomix.nodegraph INFO [0/3] Finished merging 2 file(s) into /scratch/waldirmbf/Outgroup_PaleoMix/Khermaphroditus_REF_PanRS.Khermaphroditus_REF_PanRS_BWA.bam
2022-07-28 10:22:35,612 paleomix.nodegraph INFO [1/3] Started creating BAI index for /scratch/waldirmbf/Outgroup_PaleoMix/Khermaphroditus_REF_PanRS.Khermaphroditus_REF_PanRS_BWA.bam
2022-07-28 10:28:47,048 paleomix.nodegraph INFO [0/2] Finished creating BAI index for /scratch/waldirmbf/Outgroup_PaleoMix/Khermaphroditus_REF_PanRS.Khermaphroditus_REF_PanRS_BWA.bam
2022-07-28 10:28:47,049 paleomix.nodegraph INFO [1/2] Started validating /scratch/waldirmbf/Outgroup_PaleoMix/Khermaphroditus_REF_PanRS.Khermaphroditus_REF_PanRS_BWA.bam
2022-07-28 10:58:01,872 paleomix.nodegraph INFO [0/1] Finished validating /scratch/waldirmbf/Outgroup_PaleoMix/Khermaphroditus_REF_PanRS.Khermaphroditus_REF_PanRS_BWA.bam
2022-07-28 10:58:01,873 paleomix.nodegraph INFO [1/1] Started calculating depth histogram for /scratch/waldirmbf/Outgroup_PaleoMix/Khermaphroditus_REF_PanRS.Khermaphroditus_REF_PanRS_BWA.bam
2022-07-28 12:32:33,941 paleomix.nodegraph INFO [0/0] Finished calculating depth histogram for /scratch/waldirmbf/Outgroup_PaleoMix/Khermaphroditus_REF_PanRS.Khermaphroditus_REF_PanRS_BWA.bam
2022-07-28 12:32:34,118 paleomix.pipeline INFO Number of nodes:             165
2022-07-28 12:32:34,118 paleomix.pipeline INFO Number of done nodes:        165
2022-07-28 12:32:34,118 paleomix.pipeline INFO Number of runable nodes:     0
2022-07-28 12:32:34,118 paleomix.pipeline INFO Number of queued nodes:      0
2022-07-28 12:32:34,118 paleomix.pipeline INFO Number of outdated nodes:    0
2022-07-28 12:32:34,118 paleomix.pipeline INFO Number of failed nodes:      0
2022-07-28 12:32:34,118 paleomix.pipeline INFO Pipeline completed successfully
2022-07-28 12:32:34,132 paleomix.pipeline INFO Log-file written to '/scratch/waldirmbf/OutGroup_PaleoMix_OtherGenomes.log'
2022-08-07 12:11:47,830 paleomix.pipelines.bam.makefile INFO Reading makefile '/scratch/waldirmbf/Outgroup_PaleoMix_WGS.yaml'
2022-08-07 12:11:47,943 paleomix.pipelines.bam.makefile INFO Validating FASTA files
2022-08-07 12:11:48,334 paleomix.pipelines.bam.pipeline INFO Building BAM pipeline for '/scratch/waldirmbf/Outgroup_PaleoMix_WGS.yaml'
2022-08-07 12:11:52,100 paleomix.pipelines.bam.pipeline INFO Running BAM pipeline
2022-08-07 12:11:52,101 paleomix.nodegraph INFO Checking file dependencies
2022-08-07 12:11:52,119 paleomix.nodegraph INFO Checking for auxiliary files
2022-08-07 12:11:52,120 paleomix.nodegraph INFO Checking required software
2022-08-07 12:11:52,333 paleomix.nodegraph INFO  - Found AdapterRemoval v2.2.2
2022-08-07 12:11:52,437 paleomix.nodegraph INFO  - Found BWA v0.7.17
2022-08-07 12:11:52,437 paleomix.nodegraph INFO  - Found Picard tools v2.23
2022-08-07 12:11:52,579 paleomix.nodegraph INFO  - Found samtools v1.10.0
2022-08-07 12:11:52,580 paleomix.nodegraph INFO Determining states
2022-08-07 12:11:52,638 paleomix.nodegraph INFO Ready
2022-08-07 12:11:52,639 paleomix.pipeline INFO Number of nodes:             192
2022-08-07 12:11:52,639 paleomix.pipeline INFO Number of done nodes:        192
2022-08-07 12:11:52,639 paleomix.pipeline INFO Number of runable nodes:     0
2022-08-07 12:11:52,639 paleomix.pipeline INFO Number of queued nodes:      0
2022-08-07 12:11:52,639 paleomix.pipeline INFO Number of outdated nodes:    0
2022-08-07 12:11:52,639 paleomix.pipeline INFO Number of failed nodes:      0
2022-08-07 12:11:52,640 paleomix.pipeline INFO Pipeline completed successfully
2022-08-07 12:11:52,640 paleomix.pipeline INFO Dry run done
2022-08-07 12:11:52,640 paleomix.pipeline INFO Log-file written to '/scratch/waldirmbf/Outgroup_PaleoMix_WGS.log'
