(Koce,(KspESP,(Kher_SOUTH,((Kmar,Kher_CENTRAL):0.0)#H6:0.2999843372061225::0.7117019126673371):0.8853913544690097):9.114608613763,#H6:0.0::0.28829808733266293); -Ploglik = 112814.90062790243
 Dendroscope: (Koce,(KspESP,(Kher_SOUTH,((Kmar,Kher_CENTRAL):0.0)#H6:0.2999843372061225):0.8853913544690097):9.114608613763,#H6:0.0);
 Elapsed time: 9629.81 seconds, 20 attempted runs
-------
List of estimated networks for all runs (sorted by log-pseudolik; the smaller, the better):
 (Koce,(KspESP,(Kher_SOUTH,((Kmar,Kher_CENTRAL):0.0)#H6:0.2999843372061225::0.7117019126673371):0.8853913544690097):9.114608613763,#H6:0.0::0.28829808733266293);, with -loglik 112814.90062790243
 (Koce,(KspESP,(Kher_SOUTH,((Kmar,Kher_CENTRAL):0.0)#H6:0.2999843372061225::0.7117019126673371):0.8853913544690097):9.114608613763,#H6:0.0::0.28829808733266293);, with -loglik 112814.90062790243
 (Koce,(KspESP,(Kher_SOUTH,((Kmar,Kher_CENTRAL):0.0)#H6:0.2999843372061225::0.7117019126673371):0.8853913544690097):9.114608613763,#H6:0.0::0.28829808733266293);, with -loglik 112814.90062790243
 (Koce,(KspESP,(Kher_SOUTH,((Kmar,Kher_CENTRAL):0.0)#H6:0.2999843372061225::0.7117019126673371):0.8853913544690097):9.114608613763,#H6:0.0::0.28829808733266293);, with -loglik 112814.90062790243
 (Koce,(KspESP,(Kher_SOUTH,((Kmar,Kher_CENTRAL):0.0)#H6:0.2999843372061225::0.7117019126673371):0.8853913544690097):9.114608613763,#H6:0.0::0.28829808733266293);, with -loglik 112814.90062790243
 (Koce,(KspESP,(Kher_SOUTH,((Kmar,Kher_CENTRAL):0.0)#H6:0.2999843372061225::0.7117019126673371):0.8853913544690097):9.114608613763,#H6:0.0::0.28829808733266293);, with -loglik 112814.90062790243
 (Koce,(KspESP,(Kher_SOUTH,((Kmar,Kher_CENTRAL):0.0)#H6:0.2999843372061225::0.7117019126673371):0.8853913544690097):9.114608613763,#H6:0.0::0.28829808733266293);, with -loglik 112814.90062790243
 (Koce,(KspESP,(Kher_SOUTH,((Kmar,Kher_CENTRAL):0.0)#H6:0.2999842222947243::0.7117013534940964):0.8853920536614679):9.11460247121507,#H6:0.0::0.2882986465059037);, with -loglik 112814.90062825718
 (Koce,(KspESP,(Kher_SOUTH,((Kmar,Kher_CENTRAL):0.0)#H6:0.2999842222947243::0.7117013534940964):0.8853920536614679):9.11460247121507,#H6:0.0::0.2882986465059037);, with -loglik 112814.90062825718
 (Koce,(KspESP,(Kher_SOUTH,((Kmar,Kher_CENTRAL):0.0)#H6:0.2999842222947243::0.7117013534940964):0.8853920536614679):9.11460247121507,#H6:0.0::0.2882986465059037);, with -loglik 112814.90062825718
 (Koce,(KspESP,(Kher_SOUTH,((Kmar,Kher_CENTRAL):0.0)#H6:0.2999884924911928::0.711701388914113):0.8853935808383526):9.11459887673118,#H6:0.0::0.2882986110858869);, with -loglik 112814.90062856265
 (Koce,#H6:0.0::0.2882980801080179,(KspESP,(Kher_SOUTH,((Kmar,Kher_CENTRAL):0.0)#H6:0.29998676583131234::0.7117019198919821):0.8853911768676587):9.114560990863518);, with -loglik 112814.9006300657
 (Koce,(KspESP,(Kher_SOUTH,((Kmar,Kher_CENTRAL):0.0)#H6:0.3000642226964562::0.7117521947188272):0.8851539715585554):8.397852647041134,#H6:0.0::0.2882478052811728);, with -loglik 112814.94868910841
 (Koce,#H6:0.0::0.28835105379316306,(KspESP,(Kher_SOUTH,((Kmar,Kher_CENTRAL):0.0)#H6:0.30005892476181784::0.7116489462068369):0.8855017202048172):8.122778436600585);, with -loglik 112814.97279188984
 (Koce,(KspESP,(Kher_SOUTH,((Kmar,Kher_CENTRAL):0.0)#H6:0.2999236047689846::0.7117283283888316):0.8853274297324031):9.965386503175012,#H6:0.0::0.2882716716111684);, with -loglik 112815.00110555784
 (Kher_SOUTH,(Kher_CENTRAL,((Koce,(KspESP)#H6:::0.5945784394302653):0.8716007168107937,Kmar):0.1809265978948488):1.011343774360631,#H6:::0.4054215605697346);, with -loglik 112914.72901463146
 (Kher_SOUTH,((Kmar,(Koce,(KspESP)#H6:::0.5945820237029484):0.8715907874469598):0.18092681657008292,Kher_CENTRAL):1.0113660080131162,#H6:::0.40541797629705156);, with -loglik 112914.72901493461
 (Kher_SOUTH,(((Koce,(KspESP)#H6:::0.5945846781314217):0.8715822274620975,Kmar):0.1809262985505241,Kher_CENTRAL):1.0113729363467383,#H6:::0.4054153218685783);, with -loglik 112914.72901507646
 ((Kher_CENTRAL,(Kher_SOUTH,#H6:::0.40543703674243403):1.011261798421208):0.1809322603197876,Kmar,(Koce,(KspESP)#H6:::0.594562963257566):0.8716457151323644);, with -loglik 112914.72902103123
 (Kher_CENTRAL,(Kmar,(Koce,#H6:::0.36625669271751493):9.723598178363215):0.16359736157537866,(Kher_SOUTH,(KspESP)#H6:::0.6337433072824851):0.48259530225942493);, with -loglik 113371.06544916944
-------
