(Koce,(KspESP,(Kher_SOUTH,((Kmar,Kher_CENTRAL):0.0)#H6:0.29998439662522625::0.7117018955260077):0.8853912982636742):9.114608628814116,#H6:0.0::0.28829810447399234); -Ploglik = 112814.90062790211
 Dendroscope: (Koce,(KspESP,(Kher_SOUTH,((Kmar,Kher_CENTRAL):0.0)#H6:0.29998439662522625):0.8853912982636742):9.114608628814116,#H6:0.0);
 Elapsed time: 10349.35 seconds, 20 attempted runs
-------
List of estimated networks for all runs (sorted by log-pseudolik; the smaller, the better):
 (Koce,(KspESP,(Kher_SOUTH,((Kmar,Kher_CENTRAL):0.0)#H6:0.29998439662522625::0.7117018955260077):0.8853912982636742):9.114608628814116,#H6:0.0::0.28829810447399234);, with -loglik 112814.90062790211
 (Koce,(KspESP,(Kher_SOUTH,((Kmar,Kher_CENTRAL):0.0)#H6:0.29998439662522625::0.7117018955260077):0.8853912982636742):9.114608628814116,#H6:0.0::0.28829810447399234);, with -loglik 112814.90062790211
 (Koce,(KspESP,(Kher_SOUTH,((Kmar,Kher_CENTRAL):0.0)#H6:0.29998439662522625::0.7117018955260077):0.8853912982636742):9.114608628814116,#H6:0.0::0.28829810447399234);, with -loglik 112814.90062790211
 (Koce,(KspESP,(Kher_SOUTH,((Kmar,Kher_CENTRAL):0.0)#H6:0.29998439662522625::0.7117018955260077):0.8853912982636742):9.114608628814116,#H6:0.0::0.28829810447399234);, with -loglik 112814.90062790211
 (Koce,(KspESP,(Kher_SOUTH,((Kmar,Kher_CENTRAL):0.0)#H6:0.29998439662522625::0.7117018955260077):0.8853912982636742):9.114608628814116,#H6:0.0::0.28829810447399234);, with -loglik 112814.90062790211
 (Koce,#H6:0.0::0.2882983346086314,(KspESP,(Kher_SOUTH,((Kmar,Kher_CENTRAL):0.0)#H6:0.2999861026940401::0.7117016653913686):0.8853921117198137):9.114605401492508);, with -loglik 112814.90062804241
 (Koce,(KspESP,(Kher_SOUTH,((Kmar,Kher_CENTRAL):0.0)#H6:0.29998522037621583::0.7117015865666128):0.8853927539818145):9.11460360823627,#H6:0.0::0.2882984134333872);, with -loglik 112814.90062808419
 (Koce,(KspESP,(Kher_SOUTH,((Kmar,Kher_CENTRAL):0.0)#H6:0.30000124876600887::0.711693339996121):0.8853699664462006):8.940319869699318,#H6:0.0::0.28830666000387895);, with -loglik 112814.90876591527
 (Koce,(KspESP,(Kher_SOUTH,((Kmar,Kher_CENTRAL):0.0)#H6:0.30000124876600887::0.711693339996121):0.8853699664462006):8.940319869699318,#H6:0.0::0.28830666000387895);, with -loglik 112814.90876591527
 (Koce,(KspESP,(Kher_SOUTH,((Kmar,Kher_CENTRAL):0.0)#H6:0.29995627605555825::0.7117181996204104):0.8853557439514822):9.936240771090455,#H6:0.0::0.2882818003795896);, with -loglik 112814.99885726687
 (Koce,(KspESP,(Kher_SOUTH,((Kmar,Kher_CENTRAL):0.0)#H6:0.29995627605555825::0.7117181996204104):0.8853557439514822):9.936240771090455,#H6:0.0::0.2882818003795896);, with -loglik 112814.99885726687
 (Kher_SOUTH,(((Koce,(KspESP)#H6:::0.5945771386685885):0.8716035096326976,Kmar):0.18092652500474687,Kher_CENTRAL):1.011337232019404,#H6:::0.4054228613314115);, with -loglik 112914.72901463065
 (Koce,(((Kher_SOUTH,#H6:::0.40542025665674186):1.0113507267880912,Kher_CENTRAL):0.18092660812808198,Kmar):0.8715967338373491,(KspESP)#H6:::0.5945797433432581);, with -loglik 112914.72901465347
 ((Kher_CENTRAL,(Kher_SOUTH,#H6:::0.4054228577596784):1.0113351501856027):0.1809266187510325,Kmar,(Koce,(KspESP)#H6:::0.5945771422403217):0.871602020336443);, with -loglik 112914.7290146929
 ((Kmar,(Koce,(KspESP)#H6:::0.5945794233040338):0.8715977024862885):0.18092643997348742,(Kher_SOUTH,#H6:::0.40542057669596615):1.011345269098969,Kher_CENTRAL);, with -loglik 112914.72901470803
 (Kmar,(Kher_CENTRAL,(Kher_SOUTH,#H6:::0.40542385451850327):1.0113343141873303):0.18092684758543215,(Koce,(KspESP)#H6:::0.5945761454814967):0.8716043565947984);, with -loglik 112914.72901471805
 (((Kher_SOUTH,#H6:::0.40541873521767674):1.0113584883187532,Kher_CENTRAL):0.18092645006884775,Kmar,(Koce,(KspESP)#H6:::0.5945812647823232):0.8715926897461511);, with -loglik 112914.72901473384
 ((Kher_SOUTH,#H6:::0.40541965360306054):1.011355877706097,((Koce,(KspESP)#H6:::0.5945803463969395):0.871595045054939,Kmar):0.18092722437895714,Kher_CENTRAL);, with -loglik 112914.7290147644
 (Kher_SOUTH,((Kmar,(Koce,(KspESP)#H6:::0.5945830998861987):0.8715890938381573):0.18092792753014802,Kher_CENTRAL):1.0113787204915423,#H6:::0.4054169001138013);, with -loglik 112914.72901600799
 (Kher_CENTRAL,(Kmar,(Koce,#H6:::0.3662560769556601):9.794654408971125):0.1635974138396166,(Kher_SOUTH,(KspESP)#H6:::0.6337439230443399):0.4825937996421755);, with -loglik 113371.07053869826
-------
