(Koce,(KspESP,(Kher_SOUTH,((Kmar,Kher_CENTRAL):0.0)#H6:0.2999844185474807::0.7117018938343491):0.8853912929009828):9.114608642011127,#H6:0.0::0.2882981061656508); -Ploglik = 112814.90062790138
 Dendroscope: (Koce,(KspESP,(Kher_SOUTH,((Kmar,Kher_CENTRAL):0.0)#H6:0.2999844185474807):0.8853912929009828):9.114608642011127,#H6:0.0);
 Elapsed time: 9804.38 seconds, 20 attempted runs
-------
List of estimated networks for all runs (sorted by log-pseudolik; the smaller, the better):
 (Koce,(KspESP,(Kher_SOUTH,((Kmar,Kher_CENTRAL):0.0)#H6:0.2999844185474807::0.7117018938343491):0.8853912929009828):9.114608642011127,#H6:0.0::0.2882981061656508);, with -loglik 112814.90062790138
 (Koce,(KspESP,(Kher_SOUTH,((Kmar,Kher_CENTRAL):0.0)#H6:0.2999844185474807::0.7117018938343491):0.8853912929009828):9.114608642011127,#H6:0.0::0.2882981061656508);, with -loglik 112814.90062790138
 (Koce,(KspESP,(Kher_SOUTH,((Kmar,Kher_CENTRAL):0.0)#H6:0.2999844185474807::0.7117018938343491):0.8853912929009828):9.114608642011127,#H6:0.0::0.2882981061656508);, with -loglik 112814.90062790138
 (Koce,(KspESP,(Kher_SOUTH,((Kmar,Kher_CENTRAL):0.0)#H6:0.2999844185474807::0.7117018938343491):0.8853912929009828):9.114608642011127,#H6:0.0::0.2882981061656508);, with -loglik 112814.90062790138
 (Koce,(KspESP,(Kher_SOUTH,((Kmar,Kher_CENTRAL):0.0)#H6:0.2999844185474807::0.7117018938343491):0.8853912929009828):9.114608642011127,#H6:0.0::0.2882981061656508);, with -loglik 112814.90062790138
 (Koce,(KspESP,(Kher_SOUTH,((Kmar,Kher_CENTRAL):0.0)#H6:0.29998610380171725::0.711701710927563):0.8853952248464813):9.11459501532876,#H6:0.0::0.288298289072437);, with -loglik 112814.90062864558
 (Koce,(KspESP,(Kher_SOUTH,((Kmar,Kher_CENTRAL):0.0)#H6:0.29998775481830503::0.7117009754444538):0.8853996713018982):9.114600206759341,#H6:0.0::0.28829902455554623);, with -loglik 112814.90062913227
 (Koce,(KspESP,(Kher_SOUTH,((Kmar,Kher_CENTRAL):0.0)#H6:0.29997034190507565::0.7117200161971697):0.8854452747709375):8.94560999756752,#H6:0.0::0.28827998380283026);, with -loglik 112814.9088647418
 (Koce,(KspESP,(Kher_SOUTH,((Kmar,Kher_CENTRAL):0.0)#H6:0.29997034190507565::0.7117200161971697):0.8854452747709375):8.94560999756752,#H6:0.0::0.28827998380283026);, with -loglik 112814.9088647418
 (Kher_SOUTH,((Kmar,Kher_CENTRAL):0.0)#H6:0.3000065451052948::0.7116849732970225,(KspESP,(Koce,#H6:0.0::0.2883150267029775):8.68968990080901):0.8854298140828137);, with -loglik 112814.9231489683
 ((KspESP,(Kher_SOUTH,((Kmar,Kher_CENTRAL):0.0)#H6:0.2999616442752259::0.711716761329094):0.8853602214737782):9.792364394957328,Koce,#H6:0.0::0.28828323867090594);, with -loglik 112814.98692779914
 (Koce,(KspESP,(Kher_SOUTH,((Kmar,Kher_CENTRAL):0.0)#H6:0.2999550714219538::0.7117188274063835):0.8853551882614585):9.91903696735821,#H6:0.0::0.2882811725936165);, with -loglik 112814.99751923521
 (Koce,(KspESP,(Kher_SOUTH,((Kmar,Kher_CENTRAL):0.0)#H6:0.2999550714219538::0.7117188274063835):0.8853551882614585):9.91903696735821,#H6:0.0::0.2882811725936165);, with -loglik 112814.99751923521
 (Koce,(KspESP,(Kher_SOUTH,((Kher_CENTRAL,Kmar):0.0)#H6:0.30098157093464906::0.7109592633494393):0.8869226056271096):5.861241112066038,#H6:0.0::0.28904073665056074);, with -loglik 112815.96413911034
 (Koce,(Kmar,(Kher_CENTRAL,(Kher_SOUTH,#H6:::0.4054227728999332):1.011337062536425):0.18092646313544208):0.8716029099143374,(KspESP)#H6:::0.5945772271000668);, with -loglik 112914.7290146375
 ((Kher_CENTRAL,(Kher_SOUTH,#H6:::0.4054252226524462):1.0113286391112992):0.18092787046657033,Kmar,(Koce,(KspESP)#H6:::0.5945747773475538):0.8716090748081153);, with -loglik 112914.72901489711
 (((Kher_SOUTH,#H6:::0.40540983772573336):1.0114046693143397,Kher_CENTRAL):0.18092543696209218,(Koce,(KspESP)#H6:::0.5945901622742666):0.8715688972718302,Kmar);, with -loglik 112914.72901628901
 (Kher_SOUTH,(Kher_CENTRAL,(Kmar,(Koce,(KspESP)#H6:::0.5945676304745062):0.8716234138757789):0.18092297143248928):1.0112712528840235,#H6:::0.4054323695254938);, with -loglik 112914.72902006628
 (Kher_SOUTH,#H6:9.999994630082133::0.31747569673622844,(Koce,(KspESP,((Kmar,Kher_CENTRAL):0.0)#H6:0.23785206483134597::0.6825243032637716):0.0):2.209251905113141);, with -loglik 134640.20020354338
 (Kher_SOUTH,#H6:9.999994630082133::0.31747569673622844,(Koce,(KspESP,((Kmar,Kher_CENTRAL):0.0)#H6:0.23785206483134597::0.6825243032637716):0.0):2.209251905113141);, with -loglik 134640.20020354338
-------
